{"/Users/alejandro_ym3/Downloads/Project_ltu-m7011e/services/user-service/server.js": {"path":"/Users/alejandro_ym3/Downloads/Project_ltu-m7011e/services/user-service/server.js","statementMap":{"0":{"start":{"line":1,"column":0},"end":{"line":1,"column":47}},"1":{"start":{"line":2,"column":16},"end":{"line":2,"column":34}},"2":{"start":{"line":3,"column":16},"end":{"line":3,"column":34}},"3":{"start":{"line":4,"column":15},"end":{"line":4,"column":32}},"4":{"start":{"line":5,"column":13},"end":{"line":5,"column":28}},"5":{"start":{"line":6,"column":18},"end":{"line":6,"column":47}},"6":{"start":{"line":7,"column":28},"end":{"line":7,"column":56}},"7":{"start":{"line":9,"column":0},"end":{"line":9,"column":16}},"8":{"start":{"line":10,"column":12},"end":{"line":10,"column":21}},"9":{"start":{"line":13,"column":24},"end":{"line":63,"column":1}},"10":{"start":{"line":66,"column":0},"end":{"line":66,"column":29}},"11":{"start":{"line":67,"column":0},"end":{"line":67,"column":24}},"12":{"start":{"line":68,"column":0},"end":{"line":72,"column":4}},"13":{"start":{"line":77,"column":2},"end":{"line":77,"column":46}},"14":{"start":{"line":77,"column":39},"end":{"line":77,"column":46}},"15":{"start":{"line":78,"column":2},"end":{"line":87,"column":3}},"16":{"start":{"line":79,"column":22},"end":{"line":79,"column":80}},"17":{"start":{"line":80,"column":17},"end":{"line":80,"column":49}},"18":{"start":{"line":81,"column":4},"end":{"line":81,"column":41}},"19":{"start":{"line":82,"column":4},"end":{"line":82,"column":46}},"20":{"start":{"line":83,"column":4},"end":{"line":83,"column":53}},"21":{"start":{"line":85,"column":4},"end":{"line":85,"column":52}},"22":{"start":{"line":86,"column":4},"end":{"line":86,"column":36}},"23":{"start":{"line":89,"column":0},"end":{"line":89,"column":16}},"24":{"start":{"line":91,"column":19},"end":{"line":91,"column":35}},"25":{"start":{"line":96,"column":0},"end":{"line":98,"column":3}},"26":{"start":{"line":97,"column":2},"end":{"line":97,"column":66}},"27":{"start":{"line":101,"column":0},"end":{"line":124,"column":3}},"28":{"start":{"line":102,"column":2},"end":{"line":123,"column":3}},"29":{"start":{"line":103,"column":24},"end":{"line":103,"column":65}},"30":{"start":{"line":104,"column":19},"end":{"line":104,"column":31}},"31":{"start":{"line":106,"column":4},"end":{"line":106,"column":77}},"32":{"start":{"line":106,"column":22},"end":{"line":106,"column":77}},"33":{"start":{"line":108,"column":20},"end":{"line":112,"column":5}},"34":{"start":{"line":114,"column":4},"end":{"line":117,"column":5}},"35":{"start":{"line":115,"column":6},"end":{"line":115,"column":80}},"36":{"start":{"line":116,"column":6},"end":{"line":116,"column":79}},"37":{"start":{"line":119,"column":4},"end":{"line":119,"column":92}},"38":{"start":{"line":121,"column":4},"end":{"line":121,"column":59}},"39":{"start":{"line":122,"column":4},"end":{"line":122,"column":70}},"40":{"start":{"line":127,"column":0},"end":{"line":127,"column":78}},"41":{"start":{"line":130,"column":0},"end":{"line":130,"column":30}},"42":{"start":{"line":133,"column":13},"end":{"line":133,"column":37}},"43":{"start":{"line":134,"column":0},"end":{"line":137,"column":3}},"44":{"start":{"line":135,"column":2},"end":{"line":135,"column":61}},"45":{"start":{"line":136,"column":2},"end":{"line":136,"column":77}},"46":{"start":{"line":139,"column":0},"end":{"line":139,"column":21}}},"fnMap":{"0":{"name":"connectRabbit","decl":{"start":{"line":76,"column":15},"end":{"line":76,"column":28}},"loc":{"start":{"line":76,"column":31},"end":{"line":88,"column":1}},"line":76},"1":{"name":"(anonymous_1)","decl":{"start":{"line":96,"column":26},"end":{"line":96,"column":27}},"loc":{"start":{"line":96,"column":40},"end":{"line":98,"column":1}},"line":96},"2":{"name":"(anonymous_2)","decl":{"start":{"line":101,"column":49},"end":{"line":101,"column":50}},"loc":{"start":{"line":101,"column":69},"end":{"line":124,"column":1}},"line":101},"3":{"name":"(anonymous_3)","decl":{"start":{"line":134,"column":17},"end":{"line":134,"column":18}},"loc":{"start":{"line":134,"column":23},"end":{"line":137,"column":1}},"line":134}},"branchMap":{"0":{"loc":{"start":{"line":77,"column":2},"end":{"line":77,"column":46}},"type":"if","locations":[{"start":{"line":77,"column":2},"end":{"line":77,"column":46}},{"start":{},"end":{}}],"line":77},"1":{"loc":{"start":{"line":79,"column":22},"end":{"line":79,"column":80}},"type":"binary-expr","locations":[{"start":{"line":79,"column":22},"end":{"line":79,"column":46}},{"start":{"line":79,"column":50},"end":{"line":79,"column":80}}],"line":79},"2":{"loc":{"start":{"line":103,"column":24},"end":{"line":103,"column":65}},"type":"binary-expr","locations":[{"start":{"line":103,"column":24},"end":{"line":103,"column":41}},{"start":{"line":103,"column":45},"end":{"line":103,"column":65}}],"line":103},"3":{"loc":{"start":{"line":106,"column":4},"end":{"line":106,"column":77}},"type":"if","locations":[{"start":{"line":106,"column":4},"end":{"line":106,"column":77}},{"start":{},"end":{}}],"line":106},"4":{"loc":{"start":{"line":114,"column":4},"end":{"line":117,"column":5}},"type":"if","locations":[{"start":{"line":114,"column":4},"end":{"line":117,"column":5}},{"start":{},"end":{}}],"line":114},"5":{"loc":{"start":{"line":133,"column":13},"end":{"line":133,"column":37}},"type":"binary-expr","locations":[{"start":{"line":133,"column":13},"end":{"line":133,"column":29}},{"start":{"line":133,"column":33},"end":{"line":133,"column":37}}],"line":133}},"s":{"0":0,"1":0,"2":0,"3":0,"4":0,"5":0,"6":0,"7":0,"8":0,"9":0,"10":0,"11":0,"12":0,"13":0,"14":0,"15":0,"16":0,"17":0,"18":0,"19":0,"20":0,"21":0,"22":0,"23":0,"24":0,"25":0,"26":0,"27":0,"28":0,"29":0,"30":0,"31":0,"32":0,"33":0,"34":0,"35":0,"36":0,"37":0,"38":0,"39":0,"40":0,"41":0,"42":0,"43":0,"44":0,"45":0,"46":0},"f":{"0":0,"1":0,"2":0,"3":0},"b":{"0":[0,0],"1":[0,0],"2":[0,0],"3":[0,0],"4":[0,0],"5":[0,0]}}
}
