{"/Users/alejandro_ym3/Downloads/Project_ltu-m7011e/services/user-service/server.js": {"path":"/Users/alejandro_ym3/Downloads/Project_ltu-m7011e/services/user-service/server.js","statementMap":{"0":{"start":{"line":1,"column":0},"end":{"line":1,"column":47}},"1":{"start":{"line":2,"column":16},"end":{"line":2,"column":34}},"2":{"start":{"line":3,"column":17},"end":{"line":3,"column":44}},"3":{"start":{"line":4,"column":16},"end":{"line":4,"column":42}},"4":{"start":{"line":5,"column":16},"end":{"line":5,"column":34}},"5":{"start":{"line":6,"column":15},"end":{"line":6,"column":32}},"6":{"start":{"line":7,"column":13},"end":{"line":7,"column":28}},"7":{"start":{"line":8,"column":18},"end":{"line":8,"column":47}},"8":{"start":{"line":10,"column":0},"end":{"line":10,"column":16}},"9":{"start":{"line":11,"column":12},"end":{"line":11,"column":21}},"10":{"start":{"line":14,"column":24},"end":{"line":54,"column":1}},"11":{"start":{"line":57,"column":0},"end":{"line":57,"column":29}},"12":{"start":{"line":58,"column":0},"end":{"line":58,"column":24}},"13":{"start":{"line":59,"column":0},"end":{"line":63,"column":4}},"14":{"start":{"line":65,"column":20},"end":{"line":65,"column":45}},"15":{"start":{"line":66,"column":0},"end":{"line":71,"column":4}},"16":{"start":{"line":76,"column":2},"end":{"line":76,"column":46}},"17":{"start":{"line":76,"column":39},"end":{"line":76,"column":46}},"18":{"start":{"line":77,"column":2},"end":{"line":86,"column":3}},"19":{"start":{"line":78,"column":22},"end":{"line":78,"column":80}},"20":{"start":{"line":79,"column":17},"end":{"line":79,"column":49}},"21":{"start":{"line":80,"column":4},"end":{"line":80,"column":41}},"22":{"start":{"line":81,"column":4},"end":{"line":81,"column":46}},"23":{"start":{"line":82,"column":4},"end":{"line":82,"column":53}},"24":{"start":{"line":84,"column":4},"end":{"line":84,"column":52}},"25":{"start":{"line":85,"column":4},"end":{"line":85,"column":36}},"26":{"start":{"line":88,"column":0},"end":{"line":88,"column":16}},"27":{"start":{"line":91,"column":17},"end":{"line":100,"column":2}},"28":{"start":{"line":101,"column":0},"end":{"line":101,"column":31}},"29":{"start":{"line":103,"column":19},"end":{"line":103,"column":35}},"30":{"start":{"line":107,"column":0},"end":{"line":109,"column":3}},"31":{"start":{"line":108,"column":2},"end":{"line":108,"column":66}},"32":{"start":{"line":111,"column":0},"end":{"line":133,"column":3}},"33":{"start":{"line":112,"column":2},"end":{"line":132,"column":3}},"34":{"start":{"line":113,"column":24},"end":{"line":113,"column":65}},"35":{"start":{"line":114,"column":19},"end":{"line":114,"column":59}},"36":{"start":{"line":116,"column":4},"end":{"line":116,"column":77}},"37":{"start":{"line":116,"column":22},"end":{"line":116,"column":77}},"38":{"start":{"line":118,"column":20},"end":{"line":123,"column":5}},"39":{"start":{"line":125,"column":4},"end":{"line":128,"column":5}},"40":{"start":{"line":126,"column":6},"end":{"line":126,"column":93}},"41":{"start":{"line":126,"column":19},"end":{"line":126,"column":93}},"42":{"start":{"line":127,"column":6},"end":{"line":127,"column":56}},"43":{"start":{"line":129,"column":4},"end":{"line":129,"column":62}},"44":{"start":{"line":131,"column":6},"end":{"line":131,"column":55}},"45":{"start":{"line":137,"column":0},"end":{"line":137,"column":78}},"46":{"start":{"line":138,"column":0},"end":{"line":138,"column":30}},"47":{"start":{"line":141,"column":13},"end":{"line":141,"column":17}},"48":{"start":{"line":142,"column":0},"end":{"line":147,"column":1}},"49":{"start":{"line":143,"column":4},"end":{"line":146,"column":7}},"50":{"start":{"line":144,"column":8},"end":{"line":144,"column":67}},"51":{"start":{"line":145,"column":8},"end":{"line":145,"column":83}},"52":{"start":{"line":149,"column":0},"end":{"line":149,"column":21}}},"fnMap":{"0":{"name":"connectRabbit","decl":{"start":{"line":75,"column":15},"end":{"line":75,"column":28}},"loc":{"start":{"line":75,"column":31},"end":{"line":87,"column":1}},"line":75},"1":{"name":"(anonymous_1)","decl":{"start":{"line":107,"column":26},"end":{"line":107,"column":27}},"loc":{"start":{"line":107,"column":40},"end":{"line":109,"column":1}},"line":107},"2":{"name":"(anonymous_2)","decl":{"start":{"line":111,"column":52},"end":{"line":111,"column":53}},"loc":{"start":{"line":111,"column":72},"end":{"line":133,"column":1}},"line":111},"3":{"name":"(anonymous_3)","decl":{"start":{"line":143,"column":21},"end":{"line":143,"column":22}},"loc":{"start":{"line":143,"column":27},"end":{"line":146,"column":5}},"line":143}},"branchMap":{"0":{"loc":{"start":{"line":76,"column":2},"end":{"line":76,"column":46}},"type":"if","locations":[{"start":{"line":76,"column":2},"end":{"line":76,"column":46}},{"start":{},"end":{}}],"line":76},"1":{"loc":{"start":{"line":78,"column":22},"end":{"line":78,"column":80}},"type":"binary-expr","locations":[{"start":{"line":78,"column":22},"end":{"line":78,"column":46}},{"start":{"line":78,"column":50},"end":{"line":78,"column":80}}],"line":78},"2":{"loc":{"start":{"line":113,"column":24},"end":{"line":113,"column":65}},"type":"binary-expr","locations":[{"start":{"line":113,"column":24},"end":{"line":113,"column":41}},{"start":{"line":113,"column":45},"end":{"line":113,"column":65}}],"line":113},"3":{"loc":{"start":{"line":116,"column":4},"end":{"line":116,"column":77}},"type":"if","locations":[{"start":{"line":116,"column":4},"end":{"line":116,"column":77}},{"start":{},"end":{}}],"line":116},"4":{"loc":{"start":{"line":125,"column":4},"end":{"line":128,"column":5}},"type":"if","locations":[{"start":{"line":125,"column":4},"end":{"line":128,"column":5}},{"start":{},"end":{}}],"line":125},"5":{"loc":{"start":{"line":125,"column":8},"end":{"line":125,"column":50}},"type":"binary-expr","locations":[{"start":{"line":125,"column":8},"end":{"line":125,"column":39}},{"start":{"line":125,"column":43},"end":{"line":125,"column":50}}],"line":125},"6":{"loc":{"start":{"line":126,"column":6},"end":{"line":126,"column":93}},"type":"if","locations":[{"start":{"line":126,"column":6},"end":{"line":126,"column":93}},{"start":{},"end":{}}],"line":126},"7":{"loc":{"start":{"line":142,"column":0},"end":{"line":147,"column":1}},"type":"if","locations":[{"start":{"line":142,"column":0},"end":{"line":147,"column":1}},{"start":{},"end":{}}],"line":142}},"s":{"0":1,"1":1,"2":1,"3":1,"4":1,"5":1,"6":1,"7":1,"8":1,"9":1,"10":1,"11":1,"12":1,"13":1,"14":1,"15":1,"16":1,"17":1,"18":0,"19":0,"20":0,"21":0,"22":0,"23":0,"24":0,"25":0,"26":1,"27":1,"28":1,"29":1,"30":1,"31":1,"32":1,"33":0,"34":0,"35":0,"36":0,"37":0,"38":0,"39":0,"40":0,"41":0,"42":0,"43":0,"44":0,"45":1,"46":1,"47":1,"48":1,"49":0,"50":0,"51":0,"52":1},"f":{"0":1,"1":1,"2":0,"3":0},"b":{"0":[1,0],"1":[0,0],"2":[0,0],"3":[0,0],"4":[0,0],"5":[0,0],"6":[0,0],"7":[0,1]},"_coverageSchema":"1a1c01bbd47fc00a2c39e90264f33305004495a9","hash":"2ca78668dcffe23b2b8c1d5c0451768d489620ad"}
}
