TN:
SF:server.js
FN:74,(anonymous_0)
FN:76,(anonymous_1)
FN:86,(anonymous_2)
FN:95,(anonymous_3)
FN:96,(anonymous_4)
FN:102,connectRabbit
FN:124,(anonymous_6)
FN:161,(anonymous_7)
FN:204,(anonymous_8)
FN:238,(anonymous_9)
FN:253,(anonymous_10)
FNF:11
FNH:8
FNDA:11,(anonymous_0)
FNDA:11,(anonymous_1)
FNDA:0,(anonymous_2)
FNDA:1,(anonymous_3)
FNDA:0,(anonymous_4)
FNDA:1,connectRabbit
FNDA:3,(anonymous_6)
FNDA:3,(anonymous_7)
FNDA:2,(anonymous_8)
FNDA:1,(anonymous_9)
FNDA:0,(anonymous_10)
DA:1,1
DA:2,1
DA:3,1
DA:4,1
DA:5,1
DA:6,1
DA:7,1
DA:8,1
DA:9,1
DA:10,1
DA:11,1
DA:12,1
DA:14,1
DA:15,1
DA:17,1
DA:22,1
DA:58,1
DA:59,1
DA:60,1
DA:62,1
DA:63,1
DA:64,1
DA:69,1
DA:70,1
DA:71,1
DA:72,1
DA:74,1
DA:75,11
DA:76,11
DA:77,11
DA:78,11
DA:79,11
DA:80,11
DA:81,11
DA:83,11
DA:86,1
DA:87,0
DA:88,0
DA:94,1
DA:95,1
DA:96,0
DA:103,1
DA:104,0
DA:105,0
DA:106,0
DA:107,0
DA:108,0
DA:109,0
DA:111,0
DA:112,0
DA:115,1
DA:120,1
DA:124,1
DA:125,3
DA:126,3
DA:129,3
DA:130,1
DA:133,2
DA:136,2
DA:137,1
DA:142,1
DA:143,1
DA:146,2
DA:155,0
DA:156,0
DA:161,1
DA:162,3
DA:163,3
DA:164,3
DA:166,3
DA:169,2
DA:170,2
DA:171,1
DA:177,1
DA:179,2
DA:180,2
DA:183,2
DA:189,2
DA:190,0
DA:191,0
DA:194,2
DA:196,0
DA:197,0
DA:204,1
DA:205,2
DA:206,2
DA:209,2
DA:210,2
DA:211,1
DA:213,1
DA:217,2
DA:222,2
DA:223,0
DA:224,0
DA:225,0
DA:228,2
DA:230,0
DA:231,0
DA:238,1
DA:239,1
DA:245,1
DA:246,1
DA:251,1
DA:252,1
DA:253,0
DA:254,0
DA:255,0
DA:258,1
LF:108
LH:83
BRDA:77,0,0,11
BRDA:77,0,1,0
BRDA:80,1,0,4
BRDA:80,1,1,7
BRDA:80,2,0,0
BRDA:80,2,1,4
BRDA:94,3,0,1
BRDA:94,3,1,0
BRDA:103,4,0,1
BRDA:103,4,1,0
BRDA:105,5,0,0
BRDA:105,5,1,0
BRDA:129,6,0,1
BRDA:129,6,1,2
BRDA:136,7,0,1
BRDA:136,7,1,1
BRDA:139,8,0,1
BRDA:139,8,1,0
BRDA:149,9,0,2
BRDA:149,9,1,1
BRDA:150,10,0,2
BRDA:150,10,1,1
BRDA:164,11,0,3
BRDA:164,11,1,1
BRDA:166,12,0,1
BRDA:166,12,1,2
BRDA:170,13,0,1
BRDA:170,13,1,1
BRDA:173,14,0,1
BRDA:173,14,1,0
BRDA:189,15,0,0
BRDA:189,15,1,2
BRDA:210,16,0,1
BRDA:210,16,1,1
BRDA:222,17,0,0
BRDA:222,17,1,2
BRDA:251,18,0,1
BRDA:251,18,1,1
BRDA:252,19,0,0
BRDA:252,19,1,1
BRF:40
BRH:29
end_of_record
TN:
SF:models/User.js
FN:31,(anonymous_0)
FN:37,(anonymous_1)
FN:44,(anonymous_2)
FNF:3
FNH:2
FNDA:9,(anonymous_0)
FNDA:0,(anonymous_1)
FNDA:6,(anonymous_2)
DA:2,1
DA:4,1
DA:31,1
DA:32,9
DA:33,9
DA:37,1
DA:40,0
DA:44,1
DA:45,6
DA:48,1
LF:10
LH:9
BRF:0
BRH:0
end_of_record
