{"/Users/alejandro_ym3/Downloads/Project_ltu-m7011e/services/recipe-service/server.js": {"path":"/Users/alejandro_ym3/Downloads/Project_ltu-m7011e/services/recipe-service/server.js","statementMap":{"0":{"start":{"line":1,"column":0},"end":{"line":1,"column":47}},"1":{"start":{"line":2,"column":16},"end":{"line":2,"column":34}},"2":{"start":{"line":3,"column":17},"end":{"line":3,"column":36}},"3":{"start":{"line":4,"column":13},"end":{"line":4,"column":28}},"4":{"start":{"line":5,"column":28},"end":{"line":5,"column":56}},"5":{"start":{"line":6,"column":15},"end":{"line":6,"column":37}},"6":{"start":{"line":7,"column":18},"end":{"line":7,"column":47}},"7":{"start":{"line":9,"column":16},"end":{"line":9,"column":34}},"8":{"start":{"line":11,"column":15},"end":{"line":11,"column":32}},"9":{"start":{"line":12,"column":22},"end":{"line":12,"column":55}},"10":{"start":{"line":13,"column":12},"end":{"line":13,"column":32}},"11":{"start":{"line":15,"column":12},"end":{"line":15,"column":21}},"12":{"start":{"line":16,"column":0},"end":{"line":16,"column":16}},"13":{"start":{"line":17,"column":0},"end":{"line":17,"column":24}},"14":{"start":{"line":19,"column":0},"end":{"line":19,"column":18}},"15":{"start":{"line":20,"column":0},"end":{"line":20,"column":25}},"16":{"start":{"line":21,"column":0},"end":{"line":21,"column":15}},"17":{"start":{"line":23,"column":17},"end":{"line":23,"column":43}},"18":{"start":{"line":24,"column":17},"end":{"line":24,"column":43}},"19":{"start":{"line":25,"column":17},"end":{"line":25,"column":45}},"20":{"start":{"line":26,"column":0},"end":{"line":26,"column":27}},"21":{"start":{"line":29,"column":0},"end":{"line":29,"column":48}},"22":{"start":{"line":30,"column":28},"end":{"line":30,"column":206}},"23":{"start":{"line":31,"column":28},"end":{"line":31,"column":137}},"24":{"start":{"line":32,"column":28},"end":{"line":32,"column":157}},"25":{"start":{"line":33,"column":0},"end":{"line":37,"column":3}},"26":{"start":{"line":34,"column":14},"end":{"line":34,"column":24}},"27":{"start":{"line":34,"column":29},"end":{"line":34,"column":36}},"28":{"start":{"line":35,"column":2},"end":{"line":35,"column":378}},"29":{"start":{"line":35,"column":34},"end":{"line":35,"column":57}},"30":{"start":{"line":35,"column":61},"end":{"line":35,"column":94}},"31":{"start":{"line":35,"column":96},"end":{"line":35,"column":163}},"32":{"start":{"line":35,"column":164},"end":{"line":35,"column":223}},"33":{"start":{"line":35,"column":224},"end":{"line":35,"column":358}},"34":{"start":{"line":35,"column":248},"end":{"line":35,"column":358}},"35":{"start":{"line":35,"column":359},"end":{"line":35,"column":375}},"36":{"start":{"line":36,"column":2},"end":{"line":36,"column":9}},"37":{"start":{"line":41,"column":2},"end":{"line":50,"column":3}},"38":{"start":{"line":42,"column":18},"end":{"line":42,"column":47}},"39":{"start":{"line":43,"column":4},"end":{"line":47,"column":5}},"40":{"start":{"line":44,"column":6},"end":{"line":44,"column":94}},"41":{"start":{"line":46,"column":6},"end":{"line":46,"column":53}},"42":{"start":{"line":49,"column":4},"end":{"line":49,"column":57}},"43":{"start":{"line":53,"column":0},"end":{"line":55,"column":49}},"44":{"start":{"line":54,"column":22},"end":{"line":54,"column":58}},"45":{"start":{"line":54,"column":59},"end":{"line":54,"column":76}},"46":{"start":{"line":55,"column":16},"end":{"line":55,"column":47}},"47":{"start":{"line":58,"column":2},"end":{"line":80,"column":3}},"48":{"start":{"line":59,"column":17},"end":{"line":59,"column":90}},"49":{"start":{"line":60,"column":20},"end":{"line":60,"column":46}},"50":{"start":{"line":61,"column":4},"end":{"line":61,"column":45}},"51":{"start":{"line":62,"column":4},"end":{"line":62,"column":60}},"52":{"start":{"line":63,"column":4},"end":{"line":76,"column":7}},"53":{"start":{"line":64,"column":6},"end":{"line":75,"column":7}},"54":{"start":{"line":65,"column":22},"end":{"line":65,"column":56}},"55":{"start":{"line":66,"column":8},"end":{"line":73,"column":9}},"56":{"start":{"line":67,"column":10},"end":{"line":67,"column":65}},"57":{"start":{"line":68,"column":10},"end":{"line":72,"column":13}},"58":{"start":{"line":74,"column":8},"end":{"line":74,"column":25}},"59":{"start":{"line":78,"column":4},"end":{"line":78,"column":50}},"60":{"start":{"line":79,"column":4},"end":{"line":79,"column":42}},"61":{"start":{"line":82,"column":0},"end":{"line":82,"column":22}},"62":{"start":{"line":85,"column":19},"end":{"line":85,"column":123}},"63":{"start":{"line":86,"column":22},"end":{"line":86,"column":62}},"64":{"start":{"line":87,"column":18},"end":{"line":87,"column":154}},"65":{"start":{"line":87,"column":37},"end":{"line":87,"column":45}},"66":{"start":{"line":87,"column":47},"end":{"line":87,"column":142}},"67":{"start":{"line":87,"column":57},"end":{"line":87,"column":67}},"68":{"start":{"line":87,"column":85},"end":{"line":87,"column":116}},"69":{"start":{"line":87,"column":117},"end":{"line":87,"column":141}},"70":{"start":{"line":87,"column":143},"end":{"line":87,"column":152}},"71":{"start":{"line":88,"column":18},"end":{"line":88,"column":195}},"72":{"start":{"line":88,"column":27},"end":{"line":88,"column":111}},"73":{"start":{"line":88,"column":50},"end":{"line":88,"column":111}},"74":{"start":{"line":88,"column":118},"end":{"line":88,"column":120}},"75":{"start":{"line":88,"column":122},"end":{"line":88,"column":172}},"76":{"start":{"line":88,"column":140},"end":{"line":88,"column":172}},"77":{"start":{"line":88,"column":173},"end":{"line":88,"column":193}},"78":{"start":{"line":89,"column":11},"end":{"line":89,"column":31}},"79":{"start":{"line":89,"column":36},"end":{"line":89,"column":56}},"80":{"start":{"line":90,"column":13},"end":{"line":90,"column":15}},"81":{"start":{"line":91,"column":2},"end":{"line":95,"column":3}},"82":{"start":{"line":91,"column":12},"end":{"line":91,"column":13}},"83":{"start":{"line":92,"column":10},"end":{"line":92,"column":17}},"84":{"start":{"line":92,"column":22},"end":{"line":92,"column":29}},"85":{"start":{"line":93,"column":4},"end":{"line":93,"column":113}},"86":{"start":{"line":93,"column":59},"end":{"line":93,"column":94}},"87":{"start":{"line":93,"column":78},"end":{"line":93,"column":93}},"88":{"start":{"line":93,"column":96},"end":{"line":93,"column":111}},"89":{"start":{"line":93,"column":104},"end":{"line":93,"column":111}},"90":{"start":{"line":94,"column":4},"end":{"line":94,"column":205}},"91":{"start":{"line":96,"column":2},"end":{"line":96,"column":98}},"92":{"start":{"line":101,"column":24},"end":{"line":148,"column":1}},"93":{"start":{"line":150,"column":0},"end":{"line":150,"column":80}},"94":{"start":{"line":152,"column":0},"end":{"line":161,"column":3}},"95":{"start":{"line":153,"column":2},"end":{"line":160,"column":78}},"96":{"start":{"line":154,"column":31},"end":{"line":154,"column":40}},"97":{"start":{"line":155,"column":19},"end":{"line":155,"column":73}},"98":{"start":{"line":156,"column":12},"end":{"line":156,"column":31}},"99":{"start":{"line":157,"column":4},"end":{"line":158,"column":69}},"100":{"start":{"line":157,"column":32},"end":{"line":157,"column":66}},"101":{"start":{"line":158,"column":9},"end":{"line":158,"column":69}},"102":{"start":{"line":158,"column":36},"end":{"line":158,"column":69}},"103":{"start":{"line":159,"column":4},"end":{"line":159,"column":29}},"104":{"start":{"line":160,"column":18},"end":{"line":160,"column":76}},"105":{"start":{"line":163,"column":0},"end":{"line":169,"column":3}},"106":{"start":{"line":164,"column":2},"end":{"line":168,"column":97}},"107":{"start":{"line":165,"column":19},"end":{"line":165,"column":68}},"108":{"start":{"line":166,"column":4},"end":{"line":166,"column":24}},"109":{"start":{"line":167,"column":4},"end":{"line":167,"column":33}},"110":{"start":{"line":168,"column":18},"end":{"line":168,"column":95}},"111":{"start":{"line":171,"column":0},"end":{"line":181,"column":3}},"112":{"start":{"line":172,"column":2},"end":{"line":180,"column":77}},"113":{"start":{"line":173,"column":19},"end":{"line":173,"column":29}},"114":{"start":{"line":174,"column":4},"end":{"line":174,"column":117}},"115":{"start":{"line":174,"column":46},"end":{"line":174,"column":117}},"116":{"start":{"line":175,"column":19},"end":{"line":175,"column":44}},"117":{"start":{"line":176,"column":4},"end":{"line":176,"column":76}},"118":{"start":{"line":176,"column":17},"end":{"line":176,"column":76}},"119":{"start":{"line":177,"column":4},"end":{"line":177,"column":127}},"120":{"start":{"line":177,"column":40},"end":{"line":177,"column":127}},"121":{"start":{"line":178,"column":4},"end":{"line":178,"column":91}},"122":{"start":{"line":179,"column":4},"end":{"line":179,"column":57}},"123":{"start":{"line":180,"column":18},"end":{"line":180,"column":75}},"124":{"start":{"line":183,"column":0},"end":{"line":204,"column":3}},"125":{"start":{"line":184,"column":2},"end":{"line":203,"column":3}},"126":{"start":{"line":185,"column":19},"end":{"line":185,"column":29}},"127":{"start":{"line":186,"column":4},"end":{"line":186,"column":106}},"128":{"start":{"line":186,"column":46},"end":{"line":186,"column":106}},"129":{"start":{"line":187,"column":24},"end":{"line":187,"column":46}},"130":{"start":{"line":188,"column":4},"end":{"line":188,"column":128}},"131":{"start":{"line":188,"column":67},"end":{"line":188,"column":128}},"132":{"start":{"line":189,"column":19},"end":{"line":189,"column":44}},"133":{"start":{"line":190,"column":4},"end":{"line":190,"column":76}},"134":{"start":{"line":190,"column":17},"end":{"line":190,"column":76}},"135":{"start":{"line":191,"column":21},"end":{"line":191,"column":81}},"136":{"start":{"line":192,"column":4},"end":{"line":192,"column":95}},"137":{"start":{"line":192,"column":18},"end":{"line":192,"column":95}},"138":{"start":{"line":193,"column":4},"end":{"line":193,"column":84}},"139":{"start":{"line":194,"column":20},"end":{"line":194,"column":55}},"140":{"start":{"line":195,"column":18},"end":{"line":195,"column":58}},"141":{"start":{"line":195,"column":43},"end":{"line":195,"column":54}},"142":{"start":{"line":196,"column":4},"end":{"line":196,"column":40}},"143":{"start":{"line":197,"column":4},"end":{"line":197,"column":74}},"144":{"start":{"line":198,"column":4},"end":{"line":198,"column":24}},"145":{"start":{"line":199,"column":4},"end":{"line":199,"column":112}},"146":{"start":{"line":201,"column":4},"end":{"line":201,"column":105}},"147":{"start":{"line":201,"column":28},"end":{"line":201,"column":105}},"148":{"start":{"line":202,"column":4},"end":{"line":202,"column":59}},"149":{"start":{"line":206,"column":0},"end":{"line":206,"column":88}},"150":{"start":{"line":206,"column":33},"end":{"line":206,"column":86}},"151":{"start":{"line":209,"column":0},"end":{"line":221,"column":3}},"152":{"start":{"line":210,"column":2},"end":{"line":220,"column":99}},"153":{"start":{"line":211,"column":36},"end":{"line":211,"column":46}},"154":{"start":{"line":212,"column":25},"end":{"line":212,"column":34}},"155":{"start":{"line":213,"column":4},"end":{"line":213,"column":89}},"156":{"start":{"line":213,"column":33},"end":{"line":213,"column":89}},"157":{"start":{"line":214,"column":21},"end":{"line":214,"column":36}},"158":{"start":{"line":214,"column":48},"end":{"line":214,"column":62}},"159":{"start":{"line":215,"column":4},"end":{"line":215,"column":125}},"160":{"start":{"line":215,"column":61},"end":{"line":215,"column":125}},"161":{"start":{"line":216,"column":19},"end":{"line":216,"column":85}},"162":{"start":{"line":217,"column":4},"end":{"line":217,"column":133}},"163":{"start":{"line":217,"column":66},"end":{"line":217,"column":114}},"164":{"start":{"line":217,"column":115},"end":{"line":217,"column":131}},"165":{"start":{"line":218,"column":4},"end":{"line":218,"column":132}},"166":{"start":{"line":218,"column":21},"end":{"line":218,"column":107}},"167":{"start":{"line":218,"column":108},"end":{"line":218,"column":130}},"168":{"start":{"line":219,"column":4},"end":{"line":219,"column":23}},"169":{"start":{"line":220,"column":18},"end":{"line":220,"column":97}},"170":{"start":{"line":223,"column":0},"end":{"line":233,"column":3}},"171":{"start":{"line":224,"column":2},"end":{"line":232,"column":170}},"172":{"start":{"line":225,"column":52},"end":{"line":225,"column":60}},"173":{"start":{"line":226,"column":4},"end":{"line":226,"column":89}},"174":{"start":{"line":226,"column":33},"end":{"line":226,"column":89}},"175":{"start":{"line":227,"column":4},"end":{"line":227,"column":98}},"176":{"start":{"line":227,"column":32},"end":{"line":227,"column":98}},"177":{"start":{"line":228,"column":19},"end":{"line":228,"column":66}},"178":{"start":{"line":229,"column":4},"end":{"line":230,"column":188}},"179":{"start":{"line":229,"column":20},"end":{"line":229,"column":60}},"180":{"start":{"line":229,"column":33},"end":{"line":229,"column":60}},"181":{"start":{"line":229,"column":61},"end":{"line":229,"column":89}},"182":{"start":{"line":229,"column":70},"end":{"line":229,"column":89}},"183":{"start":{"line":229,"column":90},"end":{"line":229,"column":120}},"184":{"start":{"line":229,"column":121},"end":{"line":229,"column":143}},"185":{"start":{"line":230,"column":11},"end":{"line":230,"column":163}},"186":{"start":{"line":230,"column":164},"end":{"line":230,"column":186}},"187":{"start":{"line":231,"column":4},"end":{"line":231,"column":35}},"188":{"start":{"line":232,"column":18},"end":{"line":232,"column":93}},"189":{"start":{"line":232,"column":39},"end":{"line":232,"column":93}},"190":{"start":{"line":232,"column":94},"end":{"line":232,"column":168}},"191":{"start":{"line":235,"column":0},"end":{"line":247,"column":3}},"192":{"start":{"line":236,"column":2},"end":{"line":246,"column":77}},"193":{"start":{"line":237,"column":30},"end":{"line":237,"column":40}},"194":{"start":{"line":238,"column":37},"end":{"line":238,"column":45}},"195":{"start":{"line":239,"column":15},"end":{"line":239,"column":42}},"196":{"start":{"line":240,"column":4},"end":{"line":240,"column":65}},"197":{"start":{"line":240,"column":13},"end":{"line":240,"column":65}},"198":{"start":{"line":241,"column":4},"end":{"line":241,"column":92}},"199":{"start":{"line":241,"column":36},"end":{"line":241,"column":92}},"200":{"start":{"line":242,"column":16},"end":{"line":242,"column":75}},"201":{"start":{"line":242,"column":39},"end":{"line":242,"column":74}},"202":{"start":{"line":243,"column":4},"end":{"line":244,"column":135}},"203":{"start":{"line":243,"column":20},"end":{"line":243,"column":91}},"204":{"start":{"line":244,"column":11},"end":{"line":244,"column":46}},"205":{"start":{"line":244,"column":21},"end":{"line":244,"column":46}},"206":{"start":{"line":244,"column":47},"end":{"line":244,"column":85}},"207":{"start":{"line":244,"column":58},"end":{"line":244,"column":85}},"208":{"start":{"line":244,"column":86},"end":{"line":244,"column":133}},"209":{"start":{"line":244,"column":108},"end":{"line":244,"column":133}},"210":{"start":{"line":245,"column":4},"end":{"line":245,"column":30}},"211":{"start":{"line":245,"column":31},"end":{"line":245,"column":47}},"212":{"start":{"line":245,"column":48},"end":{"line":245,"column":61}},"213":{"start":{"line":246,"column":18},"end":{"line":246,"column":75}},"214":{"start":{"line":249,"column":0},"end":{"line":256,"column":3}},"215":{"start":{"line":250,"column":2},"end":{"line":255,"column":77}},"216":{"start":{"line":251,"column":15},"end":{"line":251,"column":53}},"217":{"start":{"line":252,"column":4},"end":{"line":252,"column":65}},"218":{"start":{"line":252,"column":13},"end":{"line":252,"column":65}},"219":{"start":{"line":253,"column":4},"end":{"line":253,"column":92}},"220":{"start":{"line":253,"column":36},"end":{"line":253,"column":92}},"221":{"start":{"line":254,"column":4},"end":{"line":254,"column":52}},"222":{"start":{"line":254,"column":53},"end":{"line":254,"column":86}},"223":{"start":{"line":255,"column":18},"end":{"line":255,"column":75}},"224":{"start":{"line":258,"column":0},"end":{"line":266,"column":3}},"225":{"start":{"line":259,"column":2},"end":{"line":265,"column":77}},"226":{"start":{"line":260,"column":15},"end":{"line":260,"column":53}},"227":{"start":{"line":261,"column":4},"end":{"line":261,"column":65}},"228":{"start":{"line":261,"column":13},"end":{"line":261,"column":65}},"229":{"start":{"line":262,"column":4},"end":{"line":262,"column":92}},"230":{"start":{"line":262,"column":36},"end":{"line":262,"column":92}},"231":{"start":{"line":263,"column":4},"end":{"line":263,"column":82}},"232":{"start":{"line":263,"column":34},"end":{"line":263,"column":80}},"233":{"start":{"line":264,"column":4},"end":{"line":264,"column":30}},"234":{"start":{"line":264,"column":31},"end":{"line":264,"column":47}},"235":{"start":{"line":264,"column":48},"end":{"line":264,"column":61}},"236":{"start":{"line":265,"column":18},"end":{"line":265,"column":75}},"237":{"start":{"line":268,"column":0},"end":{"line":273,"column":3}},"238":{"start":{"line":269,"column":2},"end":{"line":272,"column":77}},"239":{"start":{"line":270,"column":4},"end":{"line":270,"column":100}},"240":{"start":{"line":270,"column":44},"end":{"line":270,"column":100}},"241":{"start":{"line":271,"column":4},"end":{"line":271,"column":93}},"242":{"start":{"line":272,"column":18},"end":{"line":272,"column":75}},"243":{"start":{"line":276,"column":0},"end":{"line":279,"column":3}},"244":{"start":{"line":277,"column":2},"end":{"line":277,"column":55}},"245":{"start":{"line":278,"column":2},"end":{"line":278,"column":43}},"246":{"start":{"line":281,"column":13},"end":{"line":281,"column":37}},"247":{"start":{"line":282,"column":0},"end":{"line":284,"column":1}},"248":{"start":{"line":283,"column":2},"end":{"line":283,"column":64}},"249":{"start":{"line":283,"column":25},"end":{"line":283,"column":62}},"250":{"start":{"line":285,"column":0},"end":{"line":285,"column":21}}},"fnMap":{"0":{"name":"(anonymous_0)","decl":{"start":{"line":33,"column":8},"end":{"line":33,"column":9}},"loc":{"start":{"line":33,"column":24},"end":{"line":37,"column":1}},"line":33},"1":{"name":"(anonymous_1)","decl":{"start":{"line":35,"column":10},"end":{"line":35,"column":11}},"loc":{"start":{"line":35,"column":24},"end":{"line":35,"column":377}},"line":35},"2":{"name":"autoSeed","decl":{"start":{"line":40,"column":15},"end":{"line":40,"column":23}},"loc":{"start":{"line":40,"column":26},"end":{"line":51,"column":1}},"line":40},"3":{"name":"(anonymous_3)","decl":{"start":{"line":54,"column":8},"end":{"line":54,"column":9}},"loc":{"start":{"line":54,"column":20},"end":{"line":54,"column":78}},"line":54},"4":{"name":"(anonymous_4)","decl":{"start":{"line":55,"column":9},"end":{"line":55,"column":10}},"loc":{"start":{"line":55,"column":16},"end":{"line":55,"column":47}},"line":55},"5":{"name":"listenForUserEvents","decl":{"start":{"line":57,"column":15},"end":{"line":57,"column":34}},"loc":{"start":{"line":57,"column":37},"end":{"line":81,"column":1}},"line":57},"6":{"name":"(anonymous_6)","decl":{"start":{"line":63,"column":35},"end":{"line":63,"column":36}},"loc":{"start":{"line":63,"column":50},"end":{"line":76,"column":5}},"line":63},"7":{"name":"generateMealPlanFromDB","decl":{"start":{"line":84,"column":15},"end":{"line":84,"column":37}},"loc":{"start":{"line":84,"column":75},"end":{"line":97,"column":1}},"line":84},"8":{"name":"(anonymous_8)","decl":{"start":{"line":87,"column":18},"end":{"line":87,"column":19}},"loc":{"start":{"line":87,"column":27},"end":{"line":87,"column":154}},"line":87},"9":{"name":"(anonymous_9)","decl":{"start":{"line":88,"column":18},"end":{"line":88,"column":19}},"loc":{"start":{"line":88,"column":25},"end":{"line":88,"column":195}},"line":88},"10":{"name":"(anonymous_10)","decl":{"start":{"line":93,"column":75},"end":{"line":93,"column":76}},"loc":{"start":{"line":93,"column":78},"end":{"line":93,"column":93}},"line":93},"11":{"name":"(anonymous_11)","decl":{"start":{"line":152,"column":20},"end":{"line":152,"column":21}},"loc":{"start":{"line":152,"column":40},"end":{"line":161,"column":1}},"line":152},"12":{"name":"(anonymous_12)","decl":{"start":{"line":163,"column":38},"end":{"line":163,"column":39}},"loc":{"start":{"line":163,"column":58},"end":{"line":169,"column":1}},"line":163},"13":{"name":"(anonymous_13)","decl":{"start":{"line":171,"column":44},"end":{"line":171,"column":45}},"loc":{"start":{"line":171,"column":64},"end":{"line":181,"column":1}},"line":171},"14":{"name":"(anonymous_14)","decl":{"start":{"line":183,"column":47},"end":{"line":183,"column":48}},"loc":{"start":{"line":183,"column":67},"end":{"line":204,"column":1}},"line":183},"15":{"name":"(anonymous_15)","decl":{"start":{"line":195,"column":33},"end":{"line":195,"column":34}},"loc":{"start":{"line":195,"column":43},"end":{"line":195,"column":54}},"line":195},"16":{"name":"(anonymous_16)","decl":{"start":{"line":206,"column":19},"end":{"line":206,"column":20}},"loc":{"start":{"line":206,"column":33},"end":{"line":206,"column":86}},"line":206},"17":{"name":"(anonymous_17)","decl":{"start":{"line":209,"column":61},"end":{"line":209,"column":62}},"loc":{"start":{"line":209,"column":81},"end":{"line":221,"column":1}},"line":209},"18":{"name":"(anonymous_18)","decl":{"start":{"line":223,"column":41},"end":{"line":223,"column":42}},"loc":{"start":{"line":223,"column":61},"end":{"line":233,"column":1}},"line":223},"19":{"name":"(anonymous_19)","decl":{"start":{"line":235,"column":59},"end":{"line":235,"column":60}},"loc":{"start":{"line":235,"column":79},"end":{"line":247,"column":1}},"line":235},"20":{"name":"(anonymous_20)","decl":{"start":{"line":242,"column":34},"end":{"line":242,"column":35}},"loc":{"start":{"line":242,"column":39},"end":{"line":242,"column":74}},"line":242},"21":{"name":"(anonymous_21)","decl":{"start":{"line":249,"column":47},"end":{"line":249,"column":48}},"loc":{"start":{"line":249,"column":67},"end":{"line":256,"column":1}},"line":249},"22":{"name":"(anonymous_22)","decl":{"start":{"line":258,"column":62},"end":{"line":258,"column":63}},"loc":{"start":{"line":258,"column":82},"end":{"line":266,"column":1}},"line":258},"23":{"name":"(anonymous_23)","decl":{"start":{"line":263,"column":29},"end":{"line":263,"column":30}},"loc":{"start":{"line":263,"column":34},"end":{"line":263,"column":80}},"line":263},"24":{"name":"(anonymous_24)","decl":{"start":{"line":268,"column":53},"end":{"line":268,"column":54}},"loc":{"start":{"line":268,"column":73},"end":{"line":273,"column":1}},"line":268},"25":{"name":"(anonymous_25)","decl":{"start":{"line":276,"column":20},"end":{"line":276,"column":21}},"loc":{"start":{"line":276,"column":40},"end":{"line":279,"column":1}},"line":276},"26":{"name":"(anonymous_26)","decl":{"start":{"line":283,"column":19},"end":{"line":283,"column":20}},"loc":{"start":{"line":283,"column":25},"end":{"line":283,"column":62}},"line":283}},"branchMap":{"0":{"loc":{"start":{"line":35,"column":61},"end":{"line":35,"column":94}},"type":"cond-expr","locations":[{"start":{"line":35,"column":71},"end":{"line":35,"column":85}},{"start":{"line":35,"column":86},"end":{"line":35,"column":94}}],"line":35},"1":{"loc":{"start":{"line":35,"column":224},"end":{"line":35,"column":358}},"type":"if","locations":[{"start":{"line":35,"column":224},"end":{"line":35,"column":358}},{"start":{},"end":{}}],"line":35},"2":{"loc":{"start":{"line":35,"column":301},"end":{"line":35,"column":350}},"type":"cond-expr","locations":[{"start":{"line":35,"column":321},"end":{"line":35,"column":335}},{"start":{"line":35,"column":336},"end":{"line":35,"column":350}}],"line":35},"3":{"loc":{"start":{"line":43,"column":4},"end":{"line":47,"column":5}},"type":"if","locations":[{"start":{"line":43,"column":4},"end":{"line":47,"column":5}},{"start":{"line":45,"column":11},"end":{"line":47,"column":5}}],"line":43},"4":{"loc":{"start":{"line":53,"column":17},"end":{"line":53,"column":79}},"type":"binary-expr","locations":[{"start":{"line":53,"column":17},"end":{"line":53,"column":38}},{"start":{"line":53,"column":42},"end":{"line":53,"column":79}}],"line":53},"5":{"loc":{"start":{"line":59,"column":39},"end":{"line":59,"column":89}},"type":"binary-expr","locations":[{"start":{"line":59,"column":39},"end":{"line":59,"column":63}},{"start":{"line":59,"column":67},"end":{"line":59,"column":89}}],"line":59},"6":{"loc":{"start":{"line":64,"column":6},"end":{"line":75,"column":7}},"type":"if","locations":[{"start":{"line":64,"column":6},"end":{"line":75,"column":7}},{"start":{},"end":{}}],"line":64},"7":{"loc":{"start":{"line":66,"column":8},"end":{"line":73,"column":9}},"type":"if","locations":[{"start":{"line":66,"column":8},"end":{"line":73,"column":9}},{"start":{},"end":{}}],"line":66},"8":{"loc":{"start":{"line":85,"column":19},"end":{"line":85,"column":123}},"type":"cond-expr","locations":[{"start":{"line":85,"column":56},"end":{"line":85,"column":94}},{"start":{"line":85,"column":97},"end":{"line":85,"column":123}}],"line":85},"9":{"loc":{"start":{"line":85,"column":20},"end":{"line":85,"column":52}},"type":"binary-expr","locations":[{"start":{"line":85,"column":20},"end":{"line":85,"column":28}},{"start":{"line":85,"column":32},"end":{"line":85,"column":52}}],"line":85},"10":{"loc":{"start":{"line":88,"column":27},"end":{"line":88,"column":111}},"type":"if","locations":[{"start":{"line":88,"column":27},"end":{"line":88,"column":111}},{"start":{},"end":{}}],"line":88},"11":{"loc":{"start":{"line":93,"column":4},"end":{"line":93,"column":113}},"type":"if","locations":[{"start":{"line":93,"column":4},"end":{"line":93,"column":113}},{"start":{},"end":{}}],"line":93},"12":{"loc":{"start":{"line":93,"column":7},"end":{"line":93,"column":46}},"type":"binary-expr","locations":[{"start":{"line":93,"column":7},"end":{"line":93,"column":23}},{"start":{"line":93,"column":27},"end":{"line":93,"column":46}}],"line":93},"13":{"loc":{"start":{"line":93,"column":96},"end":{"line":93,"column":111}},"type":"if","locations":[{"start":{"line":93,"column":96},"end":{"line":93,"column":111}},{"start":{},"end":{}}],"line":93},"14":{"loc":{"start":{"line":94,"column":45},"end":{"line":94,"column":61}},"type":"binary-expr","locations":[{"start":{"line":94,"column":45},"end":{"line":94,"column":50}},{"start":{"line":94,"column":52},"end":{"line":94,"column":61}}],"line":94},"15":{"loc":{"start":{"line":94,"column":89},"end":{"line":94,"column":109}},"type":"binary-expr","locations":[{"start":{"line":94,"column":89},"end":{"line":94,"column":99}},{"start":{"line":94,"column":101},"end":{"line":94,"column":109}}],"line":94},"16":{"loc":{"start":{"line":94,"column":129},"end":{"line":94,"column":150}},"type":"binary-expr","locations":[{"start":{"line":94,"column":129},"end":{"line":94,"column":135}},{"start":{"line":94,"column":137},"end":{"line":94,"column":150}}],"line":94},"17":{"loc":{"start":{"line":94,"column":179},"end":{"line":94,"column":200}},"type":"binary-expr","locations":[{"start":{"line":94,"column":179},"end":{"line":94,"column":190}},{"start":{"line":94,"column":192},"end":{"line":94,"column":200}}],"line":94},"18":{"loc":{"start":{"line":96,"column":71},"end":{"line":96,"column":88}},"type":"binary-expr","locations":[{"start":{"line":96,"column":71},"end":{"line":96,"column":79}},{"start":{"line":96,"column":81},"end":{"line":96,"column":88}}],"line":96},"19":{"loc":{"start":{"line":155,"column":19},"end":{"line":155,"column":73}},"type":"cond-expr","locations":[{"start":{"line":155,"column":56},"end":{"line":155,"column":68}},{"start":{"line":155,"column":71},"end":{"line":155,"column":73}}],"line":155},"20":{"loc":{"start":{"line":155,"column":20},"end":{"line":155,"column":52}},"type":"binary-expr","locations":[{"start":{"line":155,"column":20},"end":{"line":155,"column":28}},{"start":{"line":155,"column":32},"end":{"line":155,"column":52}}],"line":155},"21":{"loc":{"start":{"line":157,"column":4},"end":{"line":158,"column":69}},"type":"if","locations":[{"start":{"line":157,"column":4},"end":{"line":158,"column":69}},{"start":{"line":158,"column":9},"end":{"line":158,"column":69}}],"line":157},"22":{"loc":{"start":{"line":158,"column":9},"end":{"line":158,"column":69}},"type":"if","locations":[{"start":{"line":158,"column":9},"end":{"line":158,"column":69}},{"start":{},"end":{}}],"line":158},"23":{"loc":{"start":{"line":174,"column":4},"end":{"line":174,"column":117}},"type":"if","locations":[{"start":{"line":174,"column":4},"end":{"line":174,"column":117}},{"start":{},"end":{}}],"line":174},"24":{"loc":{"start":{"line":176,"column":4},"end":{"line":176,"column":76}},"type":"if","locations":[{"start":{"line":176,"column":4},"end":{"line":176,"column":76}},{"start":{},"end":{}}],"line":176},"25":{"loc":{"start":{"line":177,"column":4},"end":{"line":177,"column":127}},"type":"if","locations":[{"start":{"line":177,"column":4},"end":{"line":177,"column":127}},{"start":{},"end":{}}],"line":177},"26":{"loc":{"start":{"line":186,"column":4},"end":{"line":186,"column":106}},"type":"if","locations":[{"start":{"line":186,"column":4},"end":{"line":186,"column":106}},{"start":{},"end":{}}],"line":186},"27":{"loc":{"start":{"line":188,"column":4},"end":{"line":188,"column":128}},"type":"if","locations":[{"start":{"line":188,"column":4},"end":{"line":188,"column":128}},{"start":{},"end":{}}],"line":188},"28":{"loc":{"start":{"line":188,"column":8},"end":{"line":188,"column":65}},"type":"binary-expr","locations":[{"start":{"line":188,"column":8},"end":{"line":188,"column":26}},{"start":{"line":188,"column":30},"end":{"line":188,"column":45}},{"start":{"line":188,"column":49},"end":{"line":188,"column":65}}],"line":188},"29":{"loc":{"start":{"line":190,"column":4},"end":{"line":190,"column":76}},"type":"if","locations":[{"start":{"line":190,"column":4},"end":{"line":190,"column":76}},{"start":{},"end":{}}],"line":190},"30":{"loc":{"start":{"line":192,"column":4},"end":{"line":192,"column":95}},"type":"if","locations":[{"start":{"line":192,"column":4},"end":{"line":192,"column":95}},{"start":{},"end":{}}],"line":192},"31":{"loc":{"start":{"line":201,"column":4},"end":{"line":201,"column":105}},"type":"if","locations":[{"start":{"line":201,"column":4},"end":{"line":201,"column":105}},{"start":{},"end":{}}],"line":201},"32":{"loc":{"start":{"line":213,"column":4},"end":{"line":213,"column":89}},"type":"if","locations":[{"start":{"line":213,"column":4},"end":{"line":213,"column":89}},{"start":{},"end":{}}],"line":213},"33":{"loc":{"start":{"line":215,"column":4},"end":{"line":215,"column":125}},"type":"if","locations":[{"start":{"line":215,"column":4},"end":{"line":215,"column":125}},{"start":{},"end":{}}],"line":215},"34":{"loc":{"start":{"line":215,"column":8},"end":{"line":215,"column":59}},"type":"binary-expr","locations":[{"start":{"line":215,"column":8},"end":{"line":215,"column":18}},{"start":{"line":215,"column":20},"end":{"line":215,"column":31}},{"start":{"line":215,"column":33},"end":{"line":215,"column":45}},{"start":{"line":215,"column":47},"end":{"line":215,"column":59}}],"line":215},"35":{"loc":{"start":{"line":217,"column":4},"end":{"line":217,"column":133}},"type":"if","locations":[{"start":{"line":217,"column":4},"end":{"line":217,"column":133}},{"start":{},"end":{}}],"line":217},"36":{"loc":{"start":{"line":217,"column":8},"end":{"line":217,"column":62}},"type":"binary-expr","locations":[{"start":{"line":217,"column":8},"end":{"line":217,"column":16}},{"start":{"line":217,"column":20},"end":{"line":217,"column":28}},{"start":{"line":217,"column":32},"end":{"line":217,"column":62}}],"line":217},"37":{"loc":{"start":{"line":218,"column":4},"end":{"line":218,"column":132}},"type":"if","locations":[{"start":{"line":218,"column":4},"end":{"line":218,"column":132}},{"start":{},"end":{}}],"line":218},"38":{"loc":{"start":{"line":218,"column":88},"end":{"line":218,"column":105}},"type":"binary-expr","locations":[{"start":{"line":218,"column":88},"end":{"line":218,"column":96}},{"start":{"line":218,"column":98},"end":{"line":218,"column":105}}],"line":218},"39":{"loc":{"start":{"line":226,"column":4},"end":{"line":226,"column":89}},"type":"if","locations":[{"start":{"line":226,"column":4},"end":{"line":226,"column":89}},{"start":{},"end":{}}],"line":226},"40":{"loc":{"start":{"line":227,"column":4},"end":{"line":227,"column":98}},"type":"if","locations":[{"start":{"line":227,"column":4},"end":{"line":227,"column":98}},{"start":{},"end":{}}],"line":227},"41":{"loc":{"start":{"line":227,"column":8},"end":{"line":227,"column":30}},"type":"binary-expr","locations":[{"start":{"line":227,"column":8},"end":{"line":227,"column":15}},{"start":{"line":227,"column":17},"end":{"line":227,"column":23}},{"start":{"line":227,"column":25},"end":{"line":227,"column":30}}],"line":227},"42":{"loc":{"start":{"line":229,"column":4},"end":{"line":230,"column":188}},"type":"if","locations":[{"start":{"line":229,"column":4},"end":{"line":230,"column":188}},{"start":{"line":230,"column":9},"end":{"line":230,"column":188}}],"line":229},"43":{"loc":{"start":{"line":229,"column":20},"end":{"line":229,"column":60}},"type":"if","locations":[{"start":{"line":229,"column":20},"end":{"line":229,"column":60}},{"start":{},"end":{}}],"line":229},"44":{"loc":{"start":{"line":229,"column":61},"end":{"line":229,"column":89}},"type":"if","locations":[{"start":{"line":229,"column":61},"end":{"line":229,"column":89}},{"start":{},"end":{}}],"line":229},"45":{"loc":{"start":{"line":230,"column":22},"end":{"line":230,"column":162}},"type":"cond-expr","locations":[{"start":{"line":230,"column":29},"end":{"line":230,"column":94}},{"start":{"line":230,"column":97},"end":{"line":230,"column":162}}],"line":230},"46":{"loc":{"start":{"line":230,"column":70},"end":{"line":230,"column":87}},"type":"binary-expr","locations":[{"start":{"line":230,"column":70},"end":{"line":230,"column":78}},{"start":{"line":230,"column":80},"end":{"line":230,"column":87}}],"line":230},"47":{"loc":{"start":{"line":230,"column":144},"end":{"line":230,"column":161}},"type":"binary-expr","locations":[{"start":{"line":230,"column":144},"end":{"line":230,"column":152}},{"start":{"line":230,"column":154},"end":{"line":230,"column":161}}],"line":230},"48":{"loc":{"start":{"line":232,"column":18},"end":{"line":232,"column":93}},"type":"if","locations":[{"start":{"line":232,"column":18},"end":{"line":232,"column":93}},{"start":{},"end":{}}],"line":232},"49":{"loc":{"start":{"line":240,"column":4},"end":{"line":240,"column":65}},"type":"if","locations":[{"start":{"line":240,"column":4},"end":{"line":240,"column":65}},{"start":{},"end":{}}],"line":240},"50":{"loc":{"start":{"line":241,"column":4},"end":{"line":241,"column":92}},"type":"if","locations":[{"start":{"line":241,"column":4},"end":{"line":241,"column":92}},{"start":{},"end":{}}],"line":241},"51":{"loc":{"start":{"line":243,"column":4},"end":{"line":244,"column":135}},"type":"if","locations":[{"start":{"line":243,"column":4},"end":{"line":244,"column":135}},{"start":{"line":244,"column":9},"end":{"line":244,"column":135}}],"line":243},"52":{"loc":{"start":{"line":244,"column":11},"end":{"line":244,"column":46}},"type":"if","locations":[{"start":{"line":244,"column":11},"end":{"line":244,"column":46}},{"start":{},"end":{}}],"line":244},"53":{"loc":{"start":{"line":244,"column":47},"end":{"line":244,"column":85}},"type":"if","locations":[{"start":{"line":244,"column":47},"end":{"line":244,"column":85}},{"start":{},"end":{}}],"line":244},"54":{"loc":{"start":{"line":244,"column":86},"end":{"line":244,"column":133}},"type":"if","locations":[{"start":{"line":244,"column":86},"end":{"line":244,"column":133}},{"start":{},"end":{}}],"line":244},"55":{"loc":{"start":{"line":252,"column":4},"end":{"line":252,"column":65}},"type":"if","locations":[{"start":{"line":252,"column":4},"end":{"line":252,"column":65}},{"start":{},"end":{}}],"line":252},"56":{"loc":{"start":{"line":253,"column":4},"end":{"line":253,"column":92}},"type":"if","locations":[{"start":{"line":253,"column":4},"end":{"line":253,"column":92}},{"start":{},"end":{}}],"line":253},"57":{"loc":{"start":{"line":261,"column":4},"end":{"line":261,"column":65}},"type":"if","locations":[{"start":{"line":261,"column":4},"end":{"line":261,"column":65}},{"start":{},"end":{}}],"line":261},"58":{"loc":{"start":{"line":262,"column":4},"end":{"line":262,"column":92}},"type":"if","locations":[{"start":{"line":262,"column":4},"end":{"line":262,"column":92}},{"start":{},"end":{}}],"line":262},"59":{"loc":{"start":{"line":270,"column":4},"end":{"line":270,"column":100}},"type":"if","locations":[{"start":{"line":270,"column":4},"end":{"line":270,"column":100}},{"start":{},"end":{}}],"line":270},"60":{"loc":{"start":{"line":281,"column":13},"end":{"line":281,"column":37}},"type":"binary-expr","locations":[{"start":{"line":281,"column":13},"end":{"line":281,"column":29}},{"start":{"line":281,"column":33},"end":{"line":281,"column":37}}],"line":281},"61":{"loc":{"start":{"line":282,"column":0},"end":{"line":284,"column":1}},"type":"if","locations":[{"start":{"line":282,"column":0},"end":{"line":284,"column":1}},{"start":{},"end":{}}],"line":282}},"s":{"0":1,"1":1,"2":1,"3":1,"4":1,"5":1,"6":1,"7":1,"8":1,"9":1,"10":1,"11":1,"12":1,"13":1,"14":1,"15":1,"16":1,"17":1,"18":1,"19":1,"20":1,"21":1,"22":1,"23":1,"24":1,"25":1,"26":22,"27":22,"28":22,"29":22,"30":22,"31":22,"32":22,"33":22,"34":8,"35":22,"36":22,"37":1,"38":1,"39":1,"40":1,"41":0,"42":0,"43":1,"44":1,"45":1,"46":0,"47":1,"48":1,"49":1,"50":1,"51":1,"52":1,"53":0,"54":0,"55":0,"56":0,"57":0,"58":0,"59":0,"60":0,"61":1,"62":3,"63":3,"64":3,"65":92,"66":92,"67":92,"68":92,"69":92,"70":92,"71":3,"72":6,"73":0,"74":6,"75":6,"76":92,"77":6,"78":3,"79":3,"80":3,"81":3,"82":3,"83":91,"84":91,"85":91,"86":44,"87":66,"88":44,"89":44,"90":91,"91":3,"92":1,"93":1,"94":1,"95":4,"96":4,"97":4,"98":4,"99":4,"100":1,"101":3,"102":1,"103":4,"104":0,"105":1,"106":2,"107":2,"108":2,"109":1,"110":1,"111":1,"112":3,"113":3,"114":3,"115":0,"116":3,"117":3,"118":1,"119":2,"120":1,"121":1,"122":1,"123":0,"124":1,"125":4,"126":4,"127":4,"128":0,"129":4,"130":4,"131":1,"132":3,"133":3,"134":0,"135":3,"136":3,"137":1,"138":2,"139":2,"140":2,"141":2,"142":2,"143":2,"144":2,"145":2,"146":0,"147":0,"148":0,"149":1,"150":1,"151":1,"152":4,"153":4,"154":4,"155":4,"156":1,"157":3,"158":3,"159":3,"160":0,"161":3,"162":3,"163":0,"164":0,"165":3,"166":2,"167":2,"168":3,"169":0,"170":1,"171":1,"172":1,"173":1,"174":0,"175":1,"176":0,"177":1,"178":1,"179":0,"180":0,"181":0,"182":0,"183":0,"184":0,"185":1,"186":1,"187":1,"188":0,"189":0,"190":0,"191":1,"192":0,"193":0,"194":0,"195":0,"196":0,"197":0,"198":0,"199":0,"200":0,"201":0,"202":0,"203":0,"204":0,"205":0,"206":0,"207":0,"208":0,"209":0,"210":0,"211":0,"212":0,"213":0,"214":1,"215":1,"216":1,"217":1,"218":0,"219":1,"220":0,"221":1,"222":1,"223":0,"224":1,"225":0,"226":0,"227":0,"228":0,"229":0,"230":0,"231":0,"232":0,"233":0,"234":0,"235":0,"236":0,"237":1,"238":0,"239":0,"240":0,"241":0,"242":0,"243":1,"244":0,"245":0,"246":1,"247":1,"248":0,"249":0,"250":1},"f":{"0":22,"1":22,"2":1,"3":1,"4":0,"5":1,"6":0,"7":3,"8":92,"9":6,"10":66,"11":4,"12":2,"13":3,"14":4,"15":2,"16":1,"17":4,"18":1,"19":0,"20":0,"21":1,"22":0,"23":0,"24":0,"25":0,"26":0},"b":{"0":[22,0],"1":[8,14],"2":[0,8],"3":[1,0],"4":[1,0],"5":[1,1],"6":[0,0],"7":[0,0],"8":[2,1],"9":[3,3],"10":[0,6],"11":[44,47],"12":[91,44],"13":[44,0],"14":[91,0],"15":[91,0],"16":[91,0],"17":[91,0],"18":[3,0],"19":[1,3],"20":[4,1],"21":[1,3],"22":[1,2],"23":[0,3],"24":[1,2],"25":[1,1],"26":[0,4],"27":[1,3],"28":[4,4,4],"29":[0,3],"30":[1,2],"31":[0,0],"32":[1,3],"33":[0,3],"34":[3,3,3,3],"35":[0,3],"36":[3,1,0],"37":[2,1],"38":[2,1],"39":[0,1],"40":[0,1],"41":[1,1,1],"42":[0,1],"43":[0,0],"44":[0,0],"45":[0,1],"46":[0,0],"47":[1,0],"48":[0,0],"49":[0,0],"50":[0,0],"51":[0,0],"52":[0,0],"53":[0,0],"54":[0,0],"55":[0,1],"56":[0,1],"57":[0,0],"58":[0,0],"59":[0,0],"60":[1,1],"61":[0,1]},"_coverageSchema":"1a1c01bbd47fc00a2c39e90264f33305004495a9","hash":"0dbe44ce7a4783ecf6831348a8840f5069f91ad5"}
,"/Users/alejandro_ym3/Downloads/Project_ltu-m7011e/services/recipe-service/models/MealPlan.js": {"path":"/Users/alejandro_ym3/Downloads/Project_ltu-m7011e/services/recipe-service/models/MealPlan.js","statementMap":{"0":{"start":{"line":2,"column":17},"end":{"line":2,"column":36}},"1":{"start":{"line":4,"column":22},"end":{"line":22,"column":18}},"2":{"start":{"line":24,"column":23},"end":{"line":56,"column":2}},"3":{"start":{"line":59,"column":0},"end":{"line":59,"column":73}},"4":{"start":{"line":62,"column":0},"end":{"line":64,"column":2}},"5":{"start":{"line":63,"column":2},"end":{"line":63,"column":54}},"6":{"start":{"line":66,"column":0},"end":{"line":66,"column":60}}},"fnMap":{"0":{"name":"(anonymous_0)","decl":{"start":{"line":62,"column":40},"end":{"line":62,"column":41}},"loc":{"start":{"line":62,"column":51},"end":{"line":64,"column":1}},"line":62}},"branchMap":{},"s":{"0":1,"1":1,"2":1,"3":1,"4":1,"5":0,"6":1},"f":{"0":0},"b":{},"_coverageSchema":"1a1c01bbd47fc00a2c39e90264f33305004495a9","hash":"742df6bd09469f828dffc1d1f987dc7238133c14"}
,"/Users/alejandro_ym3/Downloads/Project_ltu-m7011e/services/recipe-service/models/Rating.js": {"path":"/Users/alejandro_ym3/Downloads/Project_ltu-m7011e/services/recipe-service/models/Rating.js","statementMap":{"0":{"start":{"line":2,"column":17},"end":{"line":2,"column":36}},"1":{"start":{"line":4,"column":21},"end":{"line":10,"column":2}},"2":{"start":{"line":13,"column":0},"end":{"line":13,"column":65}},"3":{"start":{"line":15,"column":0},"end":{"line":15,"column":56}}},"fnMap":{},"branchMap":{},"s":{"0":1,"1":1,"2":1,"3":1},"f":{},"b":{},"_coverageSchema":"1a1c01bbd47fc00a2c39e90264f33305004495a9","hash":"86c55ba96cb4f2927baa3ddb8d32c4c0fb494b83"}
,"/Users/alejandro_ym3/Downloads/Project_ltu-m7011e/services/recipe-service/models/Recipe.js": {"path":"/Users/alejandro_ym3/Downloads/Project_ltu-m7011e/services/recipe-service/models/Recipe.js","statementMap":{"0":{"start":{"line":2,"column":17},"end":{"line":2,"column":36}},"1":{"start":{"line":7,"column":2},"end":{"line":7,"column":56}},"2":{"start":{"line":10,"column":21},"end":{"line":25,"column":2}},"3":{"start":{"line":28,"column":0},"end":{"line":28,"column":55}},"4":{"start":{"line":30,"column":0},"end":{"line":30,"column":56}}},"fnMap":{"0":{"name":"defaultBaseRating","decl":{"start":{"line":6,"column":9},"end":{"line":6,"column":26}},"loc":{"start":{"line":6,"column":29},"end":{"line":8,"column":1}},"line":6}},"branchMap":{},"s":{"0":1,"1":7,"2":1,"3":1,"4":1},"f":{"0":7},"b":{},"_coverageSchema":"1a1c01bbd47fc00a2c39e90264f33305004495a9","hash":"18367b081e66795e24d99f5885f0d078954a126b"}
}
