TN:
SF:server.js
FN:33,(anonymous_0)
FN:35,(anonymous_1)
FN:40,autoSeed
FN:54,(anonymous_3)
FN:55,(anonymous_4)
FN:57,listenForUserEvents
FN:63,(anonymous_6)
FN:84,generateMealPlanFromDB
FN:87,(anonymous_8)
FN:88,(anonymous_9)
FN:93,(anonymous_10)
FN:152,(anonymous_11)
FN:163,(anonymous_12)
FN:171,(anonymous_13)
FN:183,(anonymous_14)
FN:195,(anonymous_15)
FN:206,(anonymous_16)
FN:209,(anonymous_17)
FN:223,(anonymous_18)
FN:235,(anonymous_19)
FN:242,(anonymous_20)
FN:249,(anonymous_21)
FN:258,(anonymous_22)
FN:263,(anonymous_23)
FN:268,(anonymous_24)
FN:276,(anonymous_25)
FN:283,(anonymous_26)
FNF:27
FNH:18
FNDA:22,(anonymous_0)
FNDA:22,(anonymous_1)
FNDA:1,autoSeed
FNDA:1,(anonymous_3)
FNDA:0,(anonymous_4)
FNDA:1,listenForUserEvents
FNDA:0,(anonymous_6)
FNDA:3,generateMealPlanFromDB
FNDA:92,(anonymous_8)
FNDA:6,(anonymous_9)
FNDA:66,(anonymous_10)
FNDA:4,(anonymous_11)
FNDA:2,(anonymous_12)
FNDA:3,(anonymous_13)
FNDA:4,(anonymous_14)
FNDA:2,(anonymous_15)
FNDA:1,(anonymous_16)
FNDA:4,(anonymous_17)
FNDA:1,(anonymous_18)
FNDA:0,(anonymous_19)
FNDA:0,(anonymous_20)
FNDA:1,(anonymous_21)
FNDA:0,(anonymous_22)
FNDA:0,(anonymous_23)
FNDA:0,(anonymous_24)
FNDA:0,(anonymous_25)
FNDA:0,(anonymous_26)
DA:1,1
DA:2,1
DA:3,1
DA:4,1
DA:5,1
DA:6,1
DA:7,1
DA:9,1
DA:11,1
DA:12,1
DA:13,1
DA:15,1
DA:16,1
DA:17,1
DA:19,1
DA:20,1
DA:21,1
DA:23,1
DA:24,1
DA:25,1
DA:26,1
DA:29,1
DA:30,1
DA:31,1
DA:32,1
DA:33,1
DA:34,22
DA:35,22
DA:36,22
DA:41,1
DA:42,1
DA:43,1
DA:44,1
DA:46,0
DA:49,0
DA:53,1
DA:54,1
DA:55,0
DA:58,1
DA:59,1
DA:60,1
DA:61,1
DA:62,1
DA:63,1
DA:64,0
DA:65,0
DA:66,0
DA:67,0
DA:68,0
DA:74,0
DA:78,0
DA:79,0
DA:82,1
DA:85,3
DA:86,3
DA:87,92
DA:88,92
DA:89,3
DA:90,3
DA:91,3
DA:92,91
DA:93,91
DA:94,91
DA:96,3
DA:101,1
DA:150,1
DA:152,1
DA:153,4
DA:154,4
DA:155,4
DA:156,4
DA:157,4
DA:158,3
DA:159,4
DA:160,0
DA:163,1
DA:164,2
DA:165,2
DA:166,2
DA:167,1
DA:168,1
DA:171,1
DA:172,3
DA:173,3
DA:174,3
DA:175,3
DA:176,3
DA:177,2
DA:178,1
DA:179,1
DA:180,0
DA:183,1
DA:184,4
DA:185,4
DA:186,4
DA:187,4
DA:188,4
DA:189,3
DA:190,3
DA:191,3
DA:192,3
DA:193,2
DA:194,2
DA:195,2
DA:196,2
DA:197,2
DA:198,2
DA:199,2
DA:201,0
DA:202,0
DA:206,1
DA:209,1
DA:210,4
DA:211,4
DA:212,4
DA:213,4
DA:214,3
DA:215,3
DA:216,3
DA:217,3
DA:218,3
DA:219,3
DA:220,0
DA:223,1
DA:224,1
DA:225,1
DA:226,1
DA:227,1
DA:228,1
DA:229,1
DA:230,1
DA:231,1
DA:232,0
DA:235,1
DA:236,0
DA:237,0
DA:238,0
DA:239,0
DA:240,0
DA:241,0
DA:242,0
DA:243,0
DA:244,0
DA:245,0
DA:246,0
DA:249,1
DA:250,1
DA:251,1
DA:252,1
DA:253,1
DA:254,1
DA:255,0
DA:258,1
DA:259,0
DA:260,0
DA:261,0
DA:262,0
DA:263,0
DA:264,0
DA:265,0
DA:268,1
DA:269,0
DA:270,0
DA:271,0
DA:272,0
DA:276,1
DA:277,0
DA:278,0
DA:281,1
DA:282,1
DA:283,0
DA:285,1
LF:172
LH:129
BRDA:35,0,0,22
BRDA:35,0,1,0
BRDA:35,1,0,8
BRDA:35,1,1,14
BRDA:35,2,0,0
BRDA:35,2,1,8
BRDA:43,3,0,1
BRDA:43,3,1,0
BRDA:53,4,0,1
BRDA:53,4,1,0
BRDA:59,5,0,1
BRDA:59,5,1,1
BRDA:64,6,0,0
BRDA:64,6,1,0
BRDA:66,7,0,0
BRDA:66,7,1,0
BRDA:85,8,0,2
BRDA:85,8,1,1
BRDA:85,9,0,3
BRDA:85,9,1,3
BRDA:88,10,0,0
BRDA:88,10,1,6
BRDA:93,11,0,44
BRDA:93,11,1,47
BRDA:93,12,0,91
BRDA:93,12,1,44
BRDA:93,13,0,44
BRDA:93,13,1,0
BRDA:94,14,0,91
BRDA:94,14,1,0
BRDA:94,15,0,91
BRDA:94,15,1,0
BRDA:94,16,0,91
BRDA:94,16,1,0
BRDA:94,17,0,91
BRDA:94,17,1,0
BRDA:96,18,0,3
BRDA:96,18,1,0
BRDA:155,19,0,1
BRDA:155,19,1,3
BRDA:155,20,0,4
BRDA:155,20,1,1
BRDA:157,21,0,1
BRDA:157,21,1,3
BRDA:158,22,0,1
BRDA:158,22,1,2
BRDA:174,23,0,0
BRDA:174,23,1,3
BRDA:176,24,0,1
BRDA:176,24,1,2
BRDA:177,25,0,1
BRDA:177,25,1,1
BRDA:186,26,0,0
BRDA:186,26,1,4
BRDA:188,27,0,1
BRDA:188,27,1,3
BRDA:188,28,0,4
BRDA:188,28,1,4
BRDA:188,28,2,4
BRDA:190,29,0,0
BRDA:190,29,1,3
BRDA:192,30,0,1
BRDA:192,30,1,2
BRDA:201,31,0,0
BRDA:201,31,1,0
BRDA:213,32,0,1
BRDA:213,32,1,3
BRDA:215,33,0,0
BRDA:215,33,1,3
BRDA:215,34,0,3
BRDA:215,34,1,3
BRDA:215,34,2,3
BRDA:215,34,3,3
BRDA:217,35,0,0
BRDA:217,35,1,3
BRDA:217,36,0,3
BRDA:217,36,1,1
BRDA:217,36,2,0
BRDA:218,37,0,2
BRDA:218,37,1,1
BRDA:218,38,0,2
BRDA:218,38,1,1
BRDA:226,39,0,0
BRDA:226,39,1,1
BRDA:227,40,0,0
BRDA:227,40,1,1
BRDA:227,41,0,1
BRDA:227,41,1,1
BRDA:227,41,2,1
BRDA:229,42,0,0
BRDA:229,42,1,1
BRDA:229,43,0,0
BRDA:229,43,1,0
BRDA:229,44,0,0
BRDA:229,44,1,0
BRDA:230,45,0,0
BRDA:230,45,1,1
BRDA:230,46,0,0
BRDA:230,46,1,0
BRDA:230,47,0,1
BRDA:230,47,1,0
BRDA:232,48,0,0
BRDA:232,48,1,0
BRDA:240,49,0,0
BRDA:240,49,1,0
BRDA:241,50,0,0
BRDA:241,50,1,0
BRDA:243,51,0,0
BRDA:243,51,1,0
BRDA:244,52,0,0
BRDA:244,52,1,0
BRDA:244,53,0,0
BRDA:244,53,1,0
BRDA:244,54,0,0
BRDA:244,54,1,0
BRDA:252,55,0,0
BRDA:252,55,1,1
BRDA:253,56,0,0
BRDA:253,56,1,1
BRDA:261,57,0,0
BRDA:261,57,1,0
BRDA:262,58,0,0
BRDA:262,58,1,0
BRDA:270,59,0,0
BRDA:270,59,1,0
BRDA:281,60,0,1
BRDA:281,60,1,1
BRDA:282,61,0,0
BRDA:282,61,1,1
BRF:129
BRH:72
end_of_record
TN:
SF:models/MealPlan.js
FN:62,(anonymous_0)
FNF:1
FNH:0
FNDA:0,(anonymous_0)
DA:2,1
DA:4,1
DA:24,1
DA:59,1
DA:62,1
DA:63,0
DA:66,1
LF:7
LH:6
BRF:0
BRH:0
end_of_record
TN:
SF:models/Rating.js
FNF:0
FNH:0
DA:2,1
DA:4,1
DA:13,1
DA:15,1
LF:4
LH:4
BRF:0
BRH:0
end_of_record
TN:
SF:models/Recipe.js
FN:6,defaultBaseRating
FNF:1
FNH:1
FNDA:7,defaultBaseRating
DA:2,1
DA:7,7
DA:10,1
DA:28,1
DA:30,1
LF:5
LH:5
BRF:0
BRH:0
end_of_record
