{"/Users/alejandro_ym3/Downloads/Project_ltu-m7011e/services/recommendation-service/server.js": {"path":"/Users/alejandro_ym3/Downloads/Project_ltu-m7011e/services/recommendation-service/server.js","statementMap":{"0":{"start":{"line":1,"column":0},"end":{"line":1,"column":47}},"1":{"start":{"line":2,"column":16},"end":{"line":2,"column":34}},"2":{"start":{"line":3,"column":17},"end":{"line":3,"column":36}},"3":{"start":{"line":4,"column":16},"end":{"line":4,"column":34}},"4":{"start":{"line":5,"column":15},"end":{"line":5,"column":32}},"5":{"start":{"line":6,"column":14},"end":{"line":6,"column":30}},"6":{"start":{"line":7,"column":28},"end":{"line":7,"column":56}},"7":{"start":{"line":8,"column":13},"end":{"line":8,"column":28}},"8":{"start":{"line":9,"column":15},"end":{"line":9,"column":37}},"9":{"start":{"line":10,"column":23},"end":{"line":10,"column":57}},"10":{"start":{"line":11,"column":18},"end":{"line":11,"column":47}},"11":{"start":{"line":13,"column":15},"end":{"line":13,"column":32}},"12":{"start":{"line":14,"column":22},"end":{"line":14,"column":55}},"13":{"start":{"line":15,"column":12},"end":{"line":15,"column":32}},"14":{"start":{"line":17,"column":0},"end":{"line":17,"column":16}},"15":{"start":{"line":18,"column":12},"end":{"line":18,"column":21}},"16":{"start":{"line":19,"column":0},"end":{"line":19,"column":16}},"17":{"start":{"line":20,"column":0},"end":{"line":20,"column":24}},"18":{"start":{"line":22,"column":0},"end":{"line":22,"column":18}},"19":{"start":{"line":23,"column":0},"end":{"line":23,"column":25}},"20":{"start":{"line":24,"column":0},"end":{"line":24,"column":15}},"21":{"start":{"line":26,"column":27},"end":{"line":26,"column":89}},"22":{"start":{"line":32,"column":18},"end":{"line":32,"column":83}},"23":{"start":{"line":33,"column":18},"end":{"line":33,"column":65}},"24":{"start":{"line":34,"column":18},"end":{"line":34,"column":95}},"25":{"start":{"line":35,"column":18},"end":{"line":35,"column":73}},"26":{"start":{"line":37,"column":23},"end":{"line":37,"column":27}},"27":{"start":{"line":38,"column":23},"end":{"line":38,"column":24}},"28":{"start":{"line":42,"column":2},"end":{"line":44,"column":3}},"29":{"start":{"line":43,"column":4},"end":{"line":43,"column":24}},"30":{"start":{"line":46,"column":2},"end":{"line":67,"column":3}},"31":{"start":{"line":47,"column":19},"end":{"line":51,"column":6}},"32":{"start":{"line":53,"column":16},"end":{"line":57,"column":5}},"33":{"start":{"line":59,"column":4},"end":{"line":59,"column":44}},"34":{"start":{"line":60,"column":4},"end":{"line":60,"column":64}},"35":{"start":{"line":62,"column":4},"end":{"line":62,"column":94}},"36":{"start":{"line":63,"column":4},"end":{"line":63,"column":24}},"37":{"start":{"line":65,"column":4},"end":{"line":65,"column":90}},"38":{"start":{"line":66,"column":4},"end":{"line":66,"column":16}},"39":{"start":{"line":73,"column":0},"end":{"line":75,"column":64}},"40":{"start":{"line":74,"column":14},"end":{"line":74,"column":73}},"41":{"start":{"line":75,"column":16},"end":{"line":75,"column":62}},"42":{"start":{"line":80,"column":0},"end":{"line":80,"column":48}},"43":{"start":{"line":81,"column":28},"end":{"line":81,"column":210}},"44":{"start":{"line":82,"column":28},"end":{"line":82,"column":140}},"45":{"start":{"line":83,"column":28},"end":{"line":83,"column":160}},"46":{"start":{"line":85,"column":0},"end":{"line":95,"column":3}},"47":{"start":{"line":86,"column":16},"end":{"line":86,"column":26}},"48":{"start":{"line":86,"column":33},"end":{"line":86,"column":40}},"49":{"start":{"line":87,"column":2},"end":{"line":93,"column":4}},"50":{"start":{"line":88,"column":14},"end":{"line":88,"column":41}},"51":{"start":{"line":88,"column":47},"end":{"line":88,"column":84}},"52":{"start":{"line":89,"column":4},"end":{"line":89,"column":73}},"53":{"start":{"line":90,"column":4},"end":{"line":90,"column":65}},"54":{"start":{"line":91,"column":4},"end":{"line":91,"column":150}},"55":{"start":{"line":91,"column":31},"end":{"line":91,"column":150}},"56":{"start":{"line":92,"column":4},"end":{"line":92,"column":24}},"57":{"start":{"line":94,"column":2},"end":{"line":94,"column":9}},"58":{"start":{"line":103,"column":2},"end":{"line":162,"column":3}},"59":{"start":{"line":105,"column":18},"end":{"line":105,"column":41}},"60":{"start":{"line":106,"column":4},"end":{"line":109,"column":5}},"61":{"start":{"line":107,"column":6},"end":{"line":107,"column":83}},"62":{"start":{"line":108,"column":6},"end":{"line":108,"column":16}},"63":{"start":{"line":112,"column":23},"end":{"line":114,"column":6}},"64":{"start":{"line":115,"column":23},"end":{"line":117,"column":37}},"65":{"start":{"line":119,"column":20},"end":{"line":119,"column":49}},"66":{"start":{"line":122,"column":21},"end":{"line":124,"column":5}},"67":{"start":{"line":123,"column":6},"end":{"line":123,"column":63}},"68":{"start":{"line":126,"column":4},"end":{"line":129,"column":5}},"69":{"start":{"line":127,"column":6},"end":{"line":127,"column":68}},"70":{"start":{"line":128,"column":6},"end":{"line":128,"column":16}},"71":{"start":{"line":132,"column":18},"end":{"line":132,"column":39}},"72":{"start":{"line":135,"column":4},"end":{"line":135,"column":48}},"73":{"start":{"line":137,"column":17},"end":{"line":152,"column":6}},"74":{"start":{"line":139,"column":27},"end":{"line":141,"column":13}},"75":{"start":{"line":143,"column":6},"end":{"line":151,"column":8}},"76":{"start":{"line":154,"column":4},"end":{"line":155,"column":60}},"77":{"start":{"line":155,"column":22},"end":{"line":155,"column":56}},"78":{"start":{"line":155,"column":46},"end":{"line":155,"column":56}},"79":{"start":{"line":157,"column":4},"end":{"line":157,"column":125}},"80":{"start":{"line":158,"column":4},"end":{"line":158,"column":16}},"81":{"start":{"line":160,"column":4},"end":{"line":160,"column":59}},"82":{"start":{"line":161,"column":4},"end":{"line":161,"column":14}},"83":{"start":{"line":169,"column":2},"end":{"line":214,"column":3}},"84":{"start":{"line":170,"column":17},"end":{"line":172,"column":5}},"85":{"start":{"line":173,"column":20},"end":{"line":173,"column":46}},"86":{"start":{"line":174,"column":4},"end":{"line":174,"column":46}},"87":{"start":{"line":175,"column":4},"end":{"line":175,"column":45}},"88":{"start":{"line":177,"column":4},"end":{"line":177,"column":67}},"89":{"start":{"line":180,"column":4},"end":{"line":193,"column":7}},"90":{"start":{"line":181,"column":6},"end":{"line":192,"column":7}},"91":{"start":{"line":182,"column":8},"end":{"line":190,"column":9}},"92":{"start":{"line":183,"column":24},"end":{"line":183,"column":58}},"93":{"start":{"line":184,"column":10},"end":{"line":187,"column":11}},"94":{"start":{"line":185,"column":12},"end":{"line":185,"column":90}},"95":{"start":{"line":186,"column":12},"end":{"line":186,"column":64}},"96":{"start":{"line":189,"column":10},"end":{"line":189,"column":69}},"97":{"start":{"line":191,"column":8},"end":{"line":191,"column":25}},"98":{"start":{"line":196,"column":4},"end":{"line":209,"column":7}},"99":{"start":{"line":197,"column":6},"end":{"line":208,"column":7}},"100":{"start":{"line":198,"column":8},"end":{"line":206,"column":9}},"101":{"start":{"line":199,"column":24},"end":{"line":199,"column":58}},"102":{"start":{"line":200,"column":10},"end":{"line":203,"column":11}},"103":{"start":{"line":201,"column":12},"end":{"line":201,"column":86}},"104":{"start":{"line":202,"column":12},"end":{"line":202,"column":70}},"105":{"start":{"line":205,"column":10},"end":{"line":205,"column":68}},"106":{"start":{"line":207,"column":8},"end":{"line":207,"column":25}},"107":{"start":{"line":212,"column":4},"end":{"line":212,"column":52}},"108":{"start":{"line":213,"column":4},"end":{"line":213,"column":37}},"109":{"start":{"line":217,"column":0},"end":{"line":217,"column":17}},"110":{"start":{"line":221,"column":24},"end":{"line":262,"column":1}},"111":{"start":{"line":264,"column":0},"end":{"line":264,"column":88}},"112":{"start":{"line":284,"column":0},"end":{"line":338,"column":3}},"113":{"start":{"line":285,"column":21},"end":{"line":285,"column":31}},"114":{"start":{"line":286,"column":24},"end":{"line":286,"column":42}},"115":{"start":{"line":287,"column":16},"end":{"line":287,"column":63}},"116":{"start":{"line":289,"column":2},"end":{"line":337,"column":3}},"117":{"start":{"line":290,"column":4},"end":{"line":317,"column":5}},"118":{"start":{"line":291,"column":6},"end":{"line":291,"column":89}},"119":{"start":{"line":294,"column":18},"end":{"line":299,"column":15}},"120":{"start":{"line":302,"column":6},"end":{"line":306,"column":7}},"121":{"start":{"line":303,"column":26},"end":{"line":303,"column":70}},"122":{"start":{"line":305,"column":8},"end":{"line":305,"column":74}},"123":{"start":{"line":305,"column":41},"end":{"line":305,"column":72}},"124":{"start":{"line":308,"column":6},"end":{"line":310,"column":7}},"125":{"start":{"line":309,"column":8},"end":{"line":309,"column":79}},"126":{"start":{"line":312,"column":27},"end":{"line":312,"column":60}},"127":{"start":{"line":313,"column":19},"end":{"line":313,"column":38}},"128":{"start":{"line":315,"column":6},"end":{"line":315,"column":117}},"129":{"start":{"line":316,"column":6},"end":{"line":316,"column":41}},"130":{"start":{"line":320,"column":18},"end":{"line":322,"column":13}},"131":{"start":{"line":324,"column":4},"end":{"line":326,"column":5}},"132":{"start":{"line":325,"column":6},"end":{"line":325,"column":73}},"133":{"start":{"line":328,"column":25},"end":{"line":328,"column":58}},"134":{"start":{"line":329,"column":17},"end":{"line":329,"column":36}},"135":{"start":{"line":331,"column":4},"end":{"line":331,"column":115}},"136":{"start":{"line":332,"column":4},"end":{"line":332,"column":39}},"137":{"start":{"line":335,"column":4},"end":{"line":335,"column":63}},"138":{"start":{"line":336,"column":4},"end":{"line":336,"column":48}},"139":{"start":{"line":343,"column":0},"end":{"line":360,"column":3}},"140":{"start":{"line":344,"column":21},"end":{"line":344,"column":31}},"141":{"start":{"line":345,"column":2},"end":{"line":359,"column":3}},"142":{"start":{"line":346,"column":18},"end":{"line":348,"column":13}},"143":{"start":{"line":350,"column":4},"end":{"line":355,"column":9}},"144":{"start":{"line":350,"column":41},"end":{"line":355,"column":5}},"145":{"start":{"line":357,"column":4},"end":{"line":357,"column":67}},"146":{"start":{"line":358,"column":4},"end":{"line":358,"column":70}},"147":{"start":{"line":365,"column":0},"end":{"line":365,"column":96}},"148":{"start":{"line":365,"column":33},"end":{"line":365,"column":94}},"149":{"start":{"line":367,"column":0},"end":{"line":370,"column":3}},"150":{"start":{"line":368,"column":2},"end":{"line":368,"column":55}},"151":{"start":{"line":369,"column":2},"end":{"line":369,"column":43}},"152":{"start":{"line":372,"column":13},"end":{"line":372,"column":37}},"153":{"start":{"line":373,"column":0},"end":{"line":375,"column":1}},"154":{"start":{"line":374,"column":2},"end":{"line":374,"column":83}},"155":{"start":{"line":374,"column":25},"end":{"line":374,"column":81}},"156":{"start":{"line":377,"column":0},"end":{"line":377,"column":21}}},"fnMap":{"0":{"name":"getServiceToken","decl":{"start":{"line":40,"column":15},"end":{"line":40,"column":30}},"loc":{"start":{"line":40,"column":33},"end":{"line":68,"column":1}},"line":40},"1":{"name":"(anonymous_1)","decl":{"start":{"line":74,"column":8},"end":{"line":74,"column":9}},"loc":{"start":{"line":74,"column":14},"end":{"line":74,"column":73}},"line":74},"2":{"name":"(anonymous_2)","decl":{"start":{"line":75,"column":9},"end":{"line":75,"column":10}},"loc":{"start":{"line":75,"column":16},"end":{"line":75,"column":62}},"line":75},"3":{"name":"(anonymous_3)","decl":{"start":{"line":85,"column":8},"end":{"line":85,"column":9}},"loc":{"start":{"line":85,"column":28},"end":{"line":95,"column":1}},"line":85},"4":{"name":"(anonymous_4)","decl":{"start":{"line":87,"column":12},"end":{"line":87,"column":13}},"loc":{"start":{"line":87,"column":30},"end":{"line":93,"column":3}},"line":87},"5":{"name":"generateAndSave","decl":{"start":{"line":102,"column":15},"end":{"line":102,"column":30}},"loc":{"start":{"line":102,"column":49},"end":{"line":163,"column":1}},"line":102},"6":{"name":"(anonymous_6)","decl":{"start":{"line":122,"column":39},"end":{"line":122,"column":40}},"loc":{"start":{"line":123,"column":6},"end":{"line":123,"column":63}},"line":123},"7":{"name":"(anonymous_7)","decl":{"start":{"line":137,"column":27},"end":{"line":137,"column":28}},"loc":{"start":{"line":137,"column":42},"end":{"line":152,"column":5}},"line":137},"8":{"name":"(anonymous_8)","decl":{"start":{"line":155,"column":13},"end":{"line":155,"column":14}},"loc":{"start":{"line":155,"column":20},"end":{"line":155,"column":58}},"line":155},"9":{"name":"startConsuming","decl":{"start":{"line":168,"column":15},"end":{"line":168,"column":29}},"loc":{"start":{"line":168,"column":32},"end":{"line":215,"column":1}},"line":168},"10":{"name":"(anonymous_10)","decl":{"start":{"line":180,"column":36},"end":{"line":180,"column":37}},"loc":{"start":{"line":180,"column":51},"end":{"line":193,"column":5}},"line":180},"11":{"name":"(anonymous_11)","decl":{"start":{"line":196,"column":35},"end":{"line":196,"column":36}},"loc":{"start":{"line":196,"column":50},"end":{"line":209,"column":5}},"line":196},"12":{"name":"(anonymous_12)","decl":{"start":{"line":284,"column":53},"end":{"line":284,"column":54}},"loc":{"start":{"line":284,"column":73},"end":{"line":338,"column":1}},"line":284},"13":{"name":"(anonymous_13)","decl":{"start":{"line":305,"column":31},"end":{"line":305,"column":32}},"loc":{"start":{"line":305,"column":41},"end":{"line":305,"column":72}},"line":305},"14":{"name":"(anonymous_14)","decl":{"start":{"line":343,"column":57},"end":{"line":343,"column":58}},"loc":{"start":{"line":343,"column":77},"end":{"line":360,"column":1}},"line":343},"15":{"name":"(anonymous_15)","decl":{"start":{"line":350,"column":30},"end":{"line":350,"column":31}},"loc":{"start":{"line":350,"column":41},"end":{"line":355,"column":5}},"line":350},"16":{"name":"(anonymous_16)","decl":{"start":{"line":365,"column":19},"end":{"line":365,"column":20}},"loc":{"start":{"line":365,"column":33},"end":{"line":365,"column":94}},"line":365},"17":{"name":"(anonymous_17)","decl":{"start":{"line":367,"column":20},"end":{"line":367,"column":21}},"loc":{"start":{"line":367,"column":40},"end":{"line":370,"column":1}},"line":367},"18":{"name":"(anonymous_18)","decl":{"start":{"line":374,"column":19},"end":{"line":374,"column":20}},"loc":{"start":{"line":374,"column":25},"end":{"line":374,"column":81}},"line":374}},"branchMap":{"0":{"loc":{"start":{"line":26,"column":27},"end":{"line":26,"column":89}},"type":"binary-expr","locations":[{"start":{"line":26,"column":27},"end":{"line":26,"column":57}},{"start":{"line":26,"column":61},"end":{"line":26,"column":89}}],"line":26},"1":{"loc":{"start":{"line":32,"column":18},"end":{"line":32,"column":83}},"type":"binary-expr","locations":[{"start":{"line":32,"column":18},"end":{"line":32,"column":42}},{"start":{"line":32,"column":49},"end":{"line":32,"column":83}}],"line":32},"2":{"loc":{"start":{"line":33,"column":18},"end":{"line":33,"column":65}},"type":"binary-expr","locations":[{"start":{"line":33,"column":18},"end":{"line":33,"column":44}},{"start":{"line":33,"column":49},"end":{"line":33,"column":65}}],"line":33},"3":{"loc":{"start":{"line":34,"column":18},"end":{"line":34,"column":95}},"type":"binary-expr","locations":[{"start":{"line":34,"column":18},"end":{"line":34,"column":63}},{"start":{"line":34,"column":71},"end":{"line":34,"column":95}}],"line":34},"4":{"loc":{"start":{"line":35,"column":18},"end":{"line":35,"column":73}},"type":"binary-expr","locations":[{"start":{"line":35,"column":18},"end":{"line":35,"column":67}},{"start":{"line":35,"column":71},"end":{"line":35,"column":73}}],"line":35},"5":{"loc":{"start":{"line":42,"column":2},"end":{"line":44,"column":3}},"type":"if","locations":[{"start":{"line":42,"column":2},"end":{"line":44,"column":3}},{"start":{},"end":{}}],"line":42},"6":{"loc":{"start":{"line":42,"column":6},"end":{"line":42,"column":58}},"type":"binary-expr","locations":[{"start":{"line":42,"column":6},"end":{"line":42,"column":18}},{"start":{"line":42,"column":22},"end":{"line":42,"column":58}}],"line":42},"7":{"loc":{"start":{"line":65,"column":55},"end":{"line":65,"column":88}},"type":"binary-expr","locations":[{"start":{"line":65,"column":55},"end":{"line":65,"column":73}},{"start":{"line":65,"column":77},"end":{"line":65,"column":88}}],"line":65},"8":{"loc":{"start":{"line":73,"column":17},"end":{"line":73,"column":83}},"type":"binary-expr","locations":[{"start":{"line":73,"column":17},"end":{"line":73,"column":38}},{"start":{"line":73,"column":42},"end":{"line":73,"column":83}}],"line":73},"9":{"loc":{"start":{"line":88,"column":47},"end":{"line":88,"column":84}},"type":"cond-expr","locations":[{"start":{"line":88,"column":59},"end":{"line":88,"column":73}},{"start":{"line":88,"column":76},"end":{"line":88,"column":84}}],"line":88},"10":{"loc":{"start":{"line":91,"column":4},"end":{"line":91,"column":150}},"type":"if","locations":[{"start":{"line":91,"column":4},"end":{"line":91,"column":150}},{"start":{},"end":{}}],"line":91},"11":{"loc":{"start":{"line":91,"column":87},"end":{"line":91,"column":142}},"type":"cond-expr","locations":[{"start":{"line":91,"column":111},"end":{"line":91,"column":125}},{"start":{"line":91,"column":128},"end":{"line":91,"column":142}}],"line":91},"12":{"loc":{"start":{"line":106,"column":4},"end":{"line":109,"column":5}},"type":"if","locations":[{"start":{"line":106,"column":4},"end":{"line":109,"column":5}},{"start":{},"end":{}}],"line":106},"13":{"loc":{"start":{"line":115,"column":23},"end":{"line":117,"column":37}},"type":"cond-expr","locations":[{"start":{"line":116,"column":8},"end":{"line":116,"column":23}},{"start":{"line":117,"column":8},"end":{"line":117,"column":37}}],"line":115},"14":{"loc":{"start":{"line":117,"column":8},"end":{"line":117,"column":37}},"type":"binary-expr","locations":[{"start":{"line":117,"column":8},"end":{"line":117,"column":31}},{"start":{"line":117,"column":35},"end":{"line":117,"column":37}}],"line":117},"15":{"loc":{"start":{"line":123,"column":6},"end":{"line":123,"column":63}},"type":"binary-expr","locations":[{"start":{"line":123,"column":6},"end":{"line":123,"column":16}},{"start":{"line":123,"column":20},"end":{"line":123,"column":63}}],"line":123},"16":{"loc":{"start":{"line":126,"column":4},"end":{"line":129,"column":5}},"type":"if","locations":[{"start":{"line":126,"column":4},"end":{"line":129,"column":5}},{"start":{},"end":{}}],"line":126},"17":{"loc":{"start":{"line":139,"column":27},"end":{"line":141,"column":13}},"type":"cond-expr","locations":[{"start":{"line":140,"column":10},"end":{"line":140,"column":30}},{"start":{"line":141,"column":10},"end":{"line":141,"column":13}}],"line":139},"18":{"loc":{"start":{"line":139,"column":27},"end":{"line":139,"column":95}},"type":"binary-expr","locations":[{"start":{"line":139,"column":27},"end":{"line":139,"column":67}},{"start":{"line":139,"column":71},"end":{"line":139,"column":95}}],"line":139},"19":{"loc":{"start":{"line":146,"column":29},"end":{"line":146,"column":58}},"type":"binary-expr","locations":[{"start":{"line":146,"column":29},"end":{"line":146,"column":39}},{"start":{"line":146,"column":43},"end":{"line":146,"column":52}},{"start":{"line":146,"column":56},"end":{"line":146,"column":58}}],"line":146},"20":{"loc":{"start":{"line":155,"column":22},"end":{"line":155,"column":56}},"type":"if","locations":[{"start":{"line":155,"column":22},"end":{"line":155,"column":56}},{"start":{},"end":{}}],"line":155},"21":{"loc":{"start":{"line":171,"column":6},"end":{"line":171,"column":76}},"type":"binary-expr","locations":[{"start":{"line":171,"column":6},"end":{"line":171,"column":30}},{"start":{"line":171,"column":34},"end":{"line":171,"column":76}}],"line":171},"22":{"loc":{"start":{"line":181,"column":6},"end":{"line":192,"column":7}},"type":"if","locations":[{"start":{"line":181,"column":6},"end":{"line":192,"column":7}},{"start":{},"end":{}}],"line":181},"23":{"loc":{"start":{"line":184,"column":10},"end":{"line":187,"column":11}},"type":"if","locations":[{"start":{"line":184,"column":10},"end":{"line":187,"column":11}},{"start":{},"end":{}}],"line":184},"24":{"loc":{"start":{"line":184,"column":14},"end":{"line":184,"column":86}},"type":"binary-expr","locations":[{"start":{"line":184,"column":14},"end":{"line":184,"column":52}},{"start":{"line":184,"column":56},"end":{"line":184,"column":68}},{"start":{"line":184,"column":72},"end":{"line":184,"column":86}}],"line":184},"25":{"loc":{"start":{"line":197,"column":6},"end":{"line":208,"column":7}},"type":"if","locations":[{"start":{"line":197,"column":6},"end":{"line":208,"column":7}},{"start":{},"end":{}}],"line":197},"26":{"loc":{"start":{"line":200,"column":10},"end":{"line":203,"column":11}},"type":"if","locations":[{"start":{"line":200,"column":10},"end":{"line":203,"column":11}},{"start":{},"end":{}}],"line":200},"27":{"loc":{"start":{"line":200,"column":14},"end":{"line":200,"column":61}},"type":"binary-expr","locations":[{"start":{"line":200,"column":14},"end":{"line":200,"column":45}},{"start":{"line":200,"column":49},"end":{"line":200,"column":61}}],"line":200},"28":{"loc":{"start":{"line":287,"column":28},"end":{"line":287,"column":62}},"type":"binary-expr","locations":[{"start":{"line":287,"column":28},"end":{"line":287,"column":57}},{"start":{"line":287,"column":61},"end":{"line":287,"column":62}}],"line":287},"29":{"loc":{"start":{"line":290,"column":4},"end":{"line":317,"column":5}},"type":"if","locations":[{"start":{"line":290,"column":4},"end":{"line":317,"column":5}},{"start":{},"end":{}}],"line":290},"30":{"loc":{"start":{"line":302,"column":6},"end":{"line":306,"column":7}},"type":"if","locations":[{"start":{"line":302,"column":6},"end":{"line":306,"column":7}},{"start":{},"end":{}}],"line":302},"31":{"loc":{"start":{"line":308,"column":6},"end":{"line":310,"column":7}},"type":"if","locations":[{"start":{"line":308,"column":6},"end":{"line":310,"column":7}},{"start":{},"end":{}}],"line":308},"32":{"loc":{"start":{"line":324,"column":4},"end":{"line":326,"column":5}},"type":"if","locations":[{"start":{"line":324,"column":4},"end":{"line":326,"column":5}},{"start":{},"end":{}}],"line":324},"33":{"loc":{"start":{"line":372,"column":13},"end":{"line":372,"column":37}},"type":"binary-expr","locations":[{"start":{"line":372,"column":13},"end":{"line":372,"column":29}},{"start":{"line":372,"column":33},"end":{"line":372,"column":37}}],"line":372},"34":{"loc":{"start":{"line":373,"column":0},"end":{"line":375,"column":1}},"type":"if","locations":[{"start":{"line":373,"column":0},"end":{"line":375,"column":1}},{"start":{},"end":{}}],"line":373}},"s":{"0":1,"1":1,"2":1,"3":1,"4":1,"5":1,"6":1,"7":1,"8":1,"9":1,"10":1,"11":1,"12":1,"13":1,"14":1,"15":1,"16":1,"17":1,"18":1,"19":1,"20":1,"21":1,"22":1,"23":1,"24":1,"25":1,"26":1,"27":1,"28":4,"29":3,"30":1,"31":1,"32":1,"33":1,"34":1,"35":1,"36":1,"37":0,"38":0,"39":1,"40":1,"41":0,"42":1,"43":1,"44":1,"45":1,"46":1,"47":12,"48":12,"49":12,"50":12,"51":12,"52":12,"53":12,"54":12,"55":2,"56":12,"57":12,"58":4,"59":4,"60":4,"61":0,"62":0,"63":4,"64":4,"65":4,"66":4,"67":12,"68":4,"69":1,"70":1,"71":3,"72":3,"73":3,"74":6,"75":6,"76":3,"77":0,"78":0,"79":3,"80":3,"81":0,"82":0,"83":1,"84":1,"85":1,"86":1,"87":1,"88":1,"89":1,"90":0,"91":0,"92":0,"93":0,"94":0,"95":0,"96":0,"97":0,"98":1,"99":0,"100":0,"101":0,"102":0,"103":0,"104":0,"105":0,"106":0,"107":0,"108":0,"109":1,"110":1,"111":1,"112":1,"113":7,"114":7,"115":7,"116":7,"117":7,"118":5,"119":5,"120":5,"121":4,"122":4,"123":3,"124":5,"125":1,"126":4,"127":4,"128":4,"129":4,"130":2,"131":2,"132":1,"133":1,"134":1,"135":1,"136":1,"137":0,"138":0,"139":1,"140":2,"141":2,"142":2,"143":2,"144":3,"145":0,"146":0,"147":1,"148":1,"149":1,"150":0,"151":0,"152":1,"153":1,"154":0,"155":0,"156":1},"f":{"0":4,"1":1,"2":0,"3":12,"4":12,"5":4,"6":12,"7":6,"8":0,"9":1,"10":0,"11":0,"12":7,"13":3,"14":2,"15":3,"16":1,"17":0,"18":0},"b":{"0":[1,1],"1":[1,1],"2":[1,1],"3":[1,1],"4":[1,1],"5":[3,1],"6":[4,3],"7":[0,0],"8":[1,0],"9":[12,0],"10":[2,10],"11":[0,2],"12":[0,4],"13":[4,0],"14":[0,0],"15":[12,12],"16":[1,3],"17":[6,0],"18":[6,6],"19":[6,0,0],"20":[0,0],"21":[1,1],"22":[0,0],"23":[0,0],"24":[0,0,0],"25":[0,0],"26":[0,0],"27":[0,0],"28":[7,6],"29":[5,2],"30":[4,1],"31":[1,4],"32":[1,1],"33":[1,1],"34":[0,1]},"_coverageSchema":"1a1c01bbd47fc00a2c39e90264f33305004495a9","hash":"c2b01fddca322bdd89c348f9ebaf26d257c2aec8"}
,"/Users/alejandro_ym3/Downloads/Project_ltu-m7011e/services/recommendation-service/models/Recommendation.js": {"path":"/Users/alejandro_ym3/Downloads/Project_ltu-m7011e/services/recommendation-service/models/Recommendation.js","statementMap":{"0":{"start":{"line":2,"column":17},"end":{"line":2,"column":36}},"1":{"start":{"line":4,"column":29},"end":{"line":47,"column":2}},"2":{"start":{"line":50,"column":0},"end":{"line":50,"column":75}},"3":{"start":{"line":53,"column":0},"end":{"line":53,"column":60}},"4":{"start":{"line":55,"column":0},"end":{"line":55,"column":72}}},"fnMap":{},"branchMap":{},"s":{"0":1,"1":1,"2":1,"3":1,"4":1},"f":{},"b":{},"_coverageSchema":"1a1c01bbd47fc00a2c39e90264f33305004495a9","hash":"b613dfdfb93181d8b950f2bd237a2f75048117d5"}
}
