TN:
SF:server.js
FN:40,getServiceToken
FN:74,(anonymous_1)
FN:75,(anonymous_2)
FN:85,(anonymous_3)
FN:87,(anonymous_4)
FN:102,generateAndSave
FN:122,(anonymous_6)
FN:137,(anonymous_7)
FN:155,(anonymous_8)
FN:168,startConsuming
FN:180,(anonymous_10)
FN:196,(anonymous_11)
FN:284,(anonymous_12)
FN:305,(anonymous_13)
FN:343,(anonymous_14)
FN:350,(anonymous_15)
FN:365,(anonymous_16)
FN:367,(anonymous_17)
FN:374,(anonymous_18)
FNF:19
FNH:13
FNDA:4,getServiceToken
FNDA:1,(anonymous_1)
FNDA:0,(anonymous_2)
FNDA:12,(anonymous_3)
FNDA:12,(anonymous_4)
FNDA:4,generateAndSave
FNDA:12,(anonymous_6)
FNDA:6,(anonymous_7)
FNDA:0,(anonymous_8)
FNDA:1,startConsuming
FNDA:0,(anonymous_10)
FNDA:0,(anonymous_11)
FNDA:7,(anonymous_12)
FNDA:3,(anonymous_13)
FNDA:2,(anonymous_14)
FNDA:3,(anonymous_15)
FNDA:1,(anonymous_16)
FNDA:0,(anonymous_17)
FNDA:0,(anonymous_18)
DA:1,1
DA:2,1
DA:3,1
DA:4,1
DA:5,1
DA:6,1
DA:7,1
DA:8,1
DA:9,1
DA:10,1
DA:11,1
DA:13,1
DA:14,1
DA:15,1
DA:17,1
DA:18,1
DA:19,1
DA:20,1
DA:22,1
DA:23,1
DA:24,1
DA:26,1
DA:32,1
DA:33,1
DA:34,1
DA:35,1
DA:37,1
DA:38,1
DA:42,4
DA:43,3
DA:46,1
DA:47,1
DA:53,1
DA:59,1
DA:60,1
DA:62,1
DA:63,1
DA:65,0
DA:66,0
DA:73,1
DA:74,1
DA:75,0
DA:80,1
DA:81,1
DA:82,1
DA:83,1
DA:85,1
DA:86,12
DA:87,12
DA:88,12
DA:89,12
DA:90,12
DA:91,12
DA:92,12
DA:94,12
DA:103,4
DA:105,4
DA:106,4
DA:107,0
DA:108,0
DA:112,4
DA:115,4
DA:119,4
DA:122,4
DA:123,12
DA:126,4
DA:127,1
DA:128,1
DA:132,3
DA:135,3
DA:137,3
DA:139,6
DA:143,6
DA:154,3
DA:155,0
DA:157,3
DA:158,3
DA:160,0
DA:161,0
DA:169,1
DA:170,1
DA:173,1
DA:174,1
DA:175,1
DA:177,1
DA:180,1
DA:181,0
DA:182,0
DA:183,0
DA:184,0
DA:185,0
DA:186,0
DA:189,0
DA:191,0
DA:196,1
DA:197,0
DA:198,0
DA:199,0
DA:200,0
DA:201,0
DA:202,0
DA:205,0
DA:207,0
DA:212,0
DA:213,0
DA:217,1
DA:221,1
DA:264,1
DA:284,1
DA:285,7
DA:286,7
DA:287,7
DA:289,7
DA:290,7
DA:291,5
DA:294,5
DA:302,5
DA:303,4
DA:305,4
DA:308,5
DA:309,1
DA:312,4
DA:313,4
DA:315,4
DA:316,4
DA:320,2
DA:324,2
DA:325,1
DA:328,1
DA:329,1
DA:331,1
DA:332,1
DA:335,0
DA:336,0
DA:343,1
DA:344,2
DA:345,2
DA:346,2
DA:350,3
DA:357,0
DA:358,0
DA:365,1
DA:367,1
DA:368,0
DA:369,0
DA:372,1
DA:373,1
DA:374,0
DA:377,1
LF:149
LH:116
BRDA:26,0,0,1
BRDA:26,0,1,1
BRDA:32,1,0,1
BRDA:32,1,1,1
BRDA:33,2,0,1
BRDA:33,2,1,1
BRDA:34,3,0,1
BRDA:34,3,1,1
BRDA:35,4,0,1
BRDA:35,4,1,1
BRDA:42,5,0,3
BRDA:42,5,1,1
BRDA:42,6,0,4
BRDA:42,6,1,3
BRDA:65,7,0,0
BRDA:65,7,1,0
BRDA:73,8,0,1
BRDA:73,8,1,0
BRDA:88,9,0,12
BRDA:88,9,1,0
BRDA:91,10,0,2
BRDA:91,10,1,10
BRDA:91,11,0,0
BRDA:91,11,1,2
BRDA:106,12,0,0
BRDA:106,12,1,4
BRDA:115,13,0,4
BRDA:115,13,1,0
BRDA:117,14,0,0
BRDA:117,14,1,0
BRDA:123,15,0,12
BRDA:123,15,1,12
BRDA:126,16,0,1
BRDA:126,16,1,3
BRDA:139,17,0,6
BRDA:139,17,1,0
BRDA:139,18,0,6
BRDA:139,18,1,6
BRDA:146,19,0,6
BRDA:146,19,1,0
BRDA:146,19,2,0
BRDA:155,20,0,0
BRDA:155,20,1,0
BRDA:171,21,0,1
BRDA:171,21,1,1
BRDA:181,22,0,0
BRDA:181,22,1,0
BRDA:184,23,0,0
BRDA:184,23,1,0
BRDA:184,24,0,0
BRDA:184,24,1,0
BRDA:184,24,2,0
BRDA:197,25,0,0
BRDA:197,25,1,0
BRDA:200,26,0,0
BRDA:200,26,1,0
BRDA:200,27,0,0
BRDA:200,27,1,0
BRDA:287,28,0,7
BRDA:287,28,1,6
BRDA:290,29,0,5
BRDA:290,29,1,2
BRDA:302,30,0,4
BRDA:302,30,1,1
BRDA:308,31,0,1
BRDA:308,31,1,4
BRDA:324,32,0,1
BRDA:324,32,1,1
BRDA:372,33,0,1
BRDA:372,33,1,1
BRDA:373,34,0,0
BRDA:373,34,1,1
BRF:72
BRH:44
end_of_record
TN:
SF:models/Recommendation.js
FNF:0
FNH:0
DA:2,1
DA:4,1
DA:50,1
DA:53,1
DA:55,1
LF:5
LH:5
BRF:0
BRH:0
end_of_record
